Starting PointSeg v0.1.0
Starting trainig
lr: 0.005, batch-size: 32, num-workers: 12
Epoch: [0][ 10/252]	Time  0.312 ( 0.589)	Data  0.004 ( 0.071)	Loss 1.1899e+00 (1.2199e+00)
Epoch: [0][ 20/252]	Time  0.312 ( 0.454)	Data  0.004 ( 0.043)	Loss 1.1403e+00 (1.0749e+00)
Epoch: [0][ 30/252]	Time  0.314 ( 0.409)	Data  0.005 ( 0.034)	Loss 8.4353e-01 (1.0162e+00)
Epoch: [0][ 40/252]	Time  0.315 ( 0.386)	Data  0.005 ( 0.029)	Loss 8.7773e-01 (9.7405e-01)
Epoch: [0][ 50/252]	Time  0.315 ( 0.373)	Data  0.010 ( 0.026)	Loss 9.1311e-01 (9.3582e-01)
Epoch: [0][ 60/252]	Time  0.315 ( 0.364)	Data  0.005 ( 0.025)	Loss 6.7683e-01 (9.0511e-01)
Epoch: [0][ 70/252]	Time  0.314 ( 0.358)	Data  0.009 ( 0.024)	Loss 6.0783e-01 (8.7539e-01)
Epoch: [0][ 80/252]	Time  0.314 ( 0.353)	Data  0.006 ( 0.023)	Loss 5.2456e-01 (8.4493e-01)
Epoch: [0][ 90/252]	Time  0.315 ( 0.350)	Data  0.006 ( 0.022)	Loss 6.0636e-01 (8.2272e-01)
Epoch: [0][100/252]	Time  0.316 ( 0.347)	Data  0.006 ( 0.021)	Loss 6.9528e-01 (8.0336e-01)
Epoch: [0][110/252]	Time  0.316 ( 0.344)	Data  0.005 ( 0.021)	Loss 6.1020e-01 (7.8959e-01)
Epoch: [0][120/252]	Time  0.316 ( 0.342)	Data  0.005 ( 0.020)	Loss 5.3173e-01 (7.6949e-01)
Epoch: [0][130/252]	Time  0.316 ( 0.341)	Data  0.006 ( 0.020)	Loss 6.8589e-01 (7.5541e-01)
Epoch: [0][140/252]	Time  0.316 ( 0.340)	Data  0.006 ( 0.020)	Loss 5.1979e-01 (7.3986e-01)
Epoch: [0][150/252]	Time  0.316 ( 0.338)	Data  0.006 ( 0.019)	Loss 7.0261e-01 (7.2909e-01)
Epoch: [0][160/252]	Time  0.315 ( 0.337)	Data  0.006 ( 0.019)	Loss 5.3359e-01 (7.1825e-01)
Epoch: [0][170/252]	Time  0.317 ( 0.336)	Data  0.005 ( 0.019)	Loss 6.0040e-01 (7.0469e-01)
Epoch: [0][180/252]	Time  0.316 ( 0.336)	Data  0.006 ( 0.019)	Loss 4.4204e-01 (6.9270e-01)
Epoch: [0][190/252]	Time  0.316 ( 0.335)	Data  0.006 ( 0.018)	Loss 4.7740e-01 (6.7809e-01)
Epoch: [0][200/252]	Time  0.316 ( 0.334)	Data  0.006 ( 0.018)	Loss 4.1545e-01 (6.6611e-01)
Epoch: [0][210/252]	Time  0.317 ( 0.334)	Data  0.005 ( 0.018)	Loss 5.7174e-01 (6.5423e-01)
Epoch: [0][220/252]	Time  0.316 ( 0.333)	Data  0.005 ( 0.018)	Loss 4.6138e-01 (6.4512e-01)
Epoch: [0][230/252]	Time  0.316 ( 0.332)	Data  0.005 ( 0.018)	Loss 4.7938e-01 (6.3719e-01)
Epoch: [0][240/252]	Time  0.315 ( 0.332)	Data  0.006 ( 0.018)	Loss 3.2474e-01 (6.2774e-01)
Epoch: [0][250/252]	Time  0.317 ( 0.331)	Data  0.006 ( 0.018)	Loss 4.8183e-01 (6.1907e-01)
Test: [10/50]	Time  0.107 ( 0.169)	Loss 3.05e-01 (1.24e+00)
Test: [20/50]	Time  0.108 ( 0.139)	Loss 4.58e-02 (8.48e-01)
Test: [30/50]	Time  0.109 ( 0.129)	Loss 2.27e+00 (9.12e-01)
Test: [40/50]	Time  0.108 ( 0.124)	Loss 4.33e-01 (1.04e+00)
Test: [50/50]	Time  0.564 ( 0.130)	Loss 4.95e-01 (1.24e+00)
Averege over whole validation set:
IOU-car: 0.333, Precision-car: 0.34, Recall-car: 0.939
IOU-ped: 0.0, Precision-ped: 0.0, Recall-ped: 0.0
IOU-cyc: 0.0122, Precision-cyc: 0.0158, Recall-cyc: 0.0518
/home/javanmard/miniconda3/envs/env_deeplio/lib/python3.7/site-packages/torch/optim/lr_scheduler.py:143: UserWarning: The epoch parameter in `scheduler.step()` was not necessary and is being deprecated where possible. Please use `scheduler.step()` to step the scheduler. During the deprecation, if epoch is different from None, the closed form is used instead of the new chainable form, where available. Please open an issue if you are unable to replicate your use case: https://github.com/pytorch/pytorch/issues/new/choose.
  warnings.warn(EPOCH_DEPRECATION_WARNING, UserWarning)
Epoch: [1][ 10/252]	Time  0.318 ( 0.373)	Data  0.004 ( 0.065)	Loss 3.7251e-01 (4.0470e-01)
Epoch: [1][ 20/252]	Time  0.318 ( 0.347)	Data  0.003 ( 0.040)	Loss 3.8986e-01 (4.1814e-01)
Epoch: [1][ 30/252]	Time  0.316 ( 0.338)	Data  0.005 ( 0.031)	Loss 5.9261e-01 (4.1141e-01)
Epoch: [1][ 40/252]	Time  0.316 ( 0.334)	Data  0.006 ( 0.028)	Loss 4.7872e-01 (4.2481e-01)
Epoch: [1][ 50/252]	Time  0.316 ( 0.332)	Data  0.005 ( 0.025)	Loss 4.1075e-01 (4.2236e-01)
Epoch: [1][ 60/252]	Time  0.315 ( 0.330)	Data  0.005 ( 0.024)	Loss 4.3896e-01 (4.1295e-01)
Epoch: [1][ 70/252]	Time  0.316 ( 0.329)	Data  0.005 ( 0.022)	Loss 2.9400e-01 (4.0361e-01)
Epoch: [1][ 80/252]	Time  0.315 ( 0.328)	Data  0.005 ( 0.021)	Loss 2.3925e-01 (3.9953e-01)
Epoch: [1][ 90/252]	Time  0.316 ( 0.327)	Data  0.005 ( 0.021)	Loss 4.3416e-01 (3.9873e-01)
Epoch: [1][100/252]	Time  0.316 ( 0.327)	Data  0.005 ( 0.020)	Loss 2.2842e-01 (3.9159e-01)
Epoch: [1][110/252]	Time  0.316 ( 0.326)	Data  0.005 ( 0.020)	Loss 3.3710e-01 (3.8900e-01)
Epoch: [1][120/252]	Time  0.316 ( 0.326)	Data  0.006 ( 0.020)	Loss 3.0371e-01 (3.8368e-01)
Epoch: [1][130/252]	Time  0.318 ( 0.326)	Data  0.005 ( 0.019)	Loss 4.2036e-01 (3.7900e-01)
Epoch: [1][140/252]	Time  0.319 ( 0.325)	Data  0.005 ( 0.019)	Loss 3.3210e-01 (3.7800e-01)
Epoch: [1][150/252]	Time  0.315 ( 0.325)	Data  0.005 ( 0.019)	Loss 2.2045e-01 (3.7570e-01)
Epoch: [1][160/252]	Time  0.315 ( 0.325)	Data  0.006 ( 0.018)	Loss 6.5705e-01 (3.7335e-01)
Epoch: [1][170/252]	Time  0.315 ( 0.325)	Data  0.006 ( 0.018)	Loss 4.5821e-01 (3.7910e-01)
Epoch: [1][180/252]	Time  0.317 ( 0.324)	Data  0.006 ( 0.018)	Loss 3.6979e-01 (3.7892e-01)
Epoch: [1][190/252]	Time  0.318 ( 0.324)	Data  0.005 ( 0.018)	Loss 3.5859e-01 (3.7845e-01)
Epoch: [1][200/252]	Time  0.317 ( 0.324)	Data  0.006 ( 0.018)	Loss 4.7207e-01 (3.7797e-01)
Epoch: [1][210/252]	Time  0.317 ( 0.324)	Data  0.006 ( 0.018)	Loss 3.8648e-01 (3.7850e-01)
Epoch: [1][220/252]	Time  0.316 ( 0.324)	Data  0.005 ( 0.018)	Loss 4.6634e-01 (3.7771e-01)
Epoch: [1][230/252]	Time  0.315 ( 0.324)	Data  0.006 ( 0.017)	Loss 4.1282e-01 (3.8086e-01)
Epoch: [1][240/252]	Time  0.316 ( 0.324)	Data  0.006 ( 0.017)	Loss 3.9240e-01 (3.7842e-01)
Epoch: [1][250/252]	Time  0.316 ( 0.324)	Data  0.005 ( 0.017)	Loss 3.1171e-01 (3.7765e-01)
Test: [10/50]	Time  0.107 ( 0.170)	Loss 2.56e-01 (1.07e+00)
Test: [20/50]	Time  0.109 ( 0.141)	Loss 7.91e-02 (6.78e-01)
Test: [30/50]	Time  0.111 ( 0.131)	Loss 2.28e+00 (6.89e-01)
Test: [40/50]	Time  0.110 ( 0.126)	Loss 3.81e-01 (8.46e-01)
Test: [50/50]	Time  0.064 ( 0.122)	Loss 3.75e-01 (1.11e+00)
Averege over whole validation set:
IOU-car: 0.309, Precision-car: 0.312, Recall-car: 0.968
IOU-ped: 0.0, Precision-ped: 0.0, Recall-ped: 0.0
IOU-cyc: 0.0117, Precision-cyc: 0.017, Recall-cyc: 0.0361
Epoch: [2][ 10/252]	Time  0.317 ( 0.375)	Data  0.004 ( 0.066)	Loss 3.9033e-01 (3.3915e-01)
Epoch: [2][ 20/252]	Time  0.315 ( 0.349)	Data  0.003 ( 0.041)	Loss 3.3130e-01 (3.1958e-01)
Epoch: [2][ 30/252]	Time  0.315 ( 0.340)	Data  0.005 ( 0.032)	Loss 3.5361e-01 (3.2578e-01)
Epoch: [2][ 40/252]	Time  0.318 ( 0.335)	Data  0.006 ( 0.028)	Loss 3.8405e-01 (3.3731e-01)
Epoch: [2][ 50/252]	Time  0.316 ( 0.332)	Data  0.005 ( 0.025)	Loss 3.1474e-01 (3.2694e-01)
Epoch: [2][ 60/252]	Time  0.317 ( 0.331)	Data  0.006 ( 0.023)	Loss 2.7268e-01 (3.2625e-01)
Epoch: [2][ 70/252]	Time  0.316 ( 0.330)	Data  0.006 ( 0.022)	Loss 2.7867e-01 (3.2357e-01)
Epoch: [2][ 80/252]	Time  0.315 ( 0.329)	Data  0.006 ( 0.021)	Loss 3.4650e-01 (3.2134e-01)
Epoch: [2][ 90/252]	Time  0.315 ( 0.328)	Data  0.005 ( 0.021)	Loss 3.7763e-01 (3.2095e-01)
Epoch: [2][100/252]	Time  0.318 ( 0.327)	Data  0.006 ( 0.020)	Loss 3.1198e-01 (3.2409e-01)
Epoch: [2][110/252]	Time  0.317 ( 0.327)	Data  0.005 ( 0.020)	Loss 2.5062e-01 (3.1811e-01)
Epoch: [2][120/252]	Time  0.317 ( 0.327)	Data  0.006 ( 0.020)	Loss 3.4209e-01 (3.2202e-01)
Epoch: [2][130/252]	Time  0.316 ( 0.326)	Data  0.006 ( 0.019)	Loss 1.6836e-01 (3.1976e-01)
Epoch: [2][140/252]	Time  0.316 ( 0.326)	Data  0.006 ( 0.019)	Loss 2.7570e-01 (3.1890e-01)
Epoch: [2][150/252]	Time  0.315 ( 0.326)	Data  0.005 ( 0.019)	Loss 2.3279e-01 (3.2263e-01)
Epoch: [2][160/252]	Time  0.318 ( 0.325)	Data  0.006 ( 0.018)	Loss 2.7164e-01 (3.2092e-01)
Epoch: [2][170/252]	Time  0.317 ( 0.325)	Data  0.006 ( 0.018)	Loss 3.3771e-01 (3.2055e-01)
Epoch: [2][180/252]	Time  0.316 ( 0.325)	Data  0.005 ( 0.018)	Loss 2.3609e-01 (3.1825e-01)
Epoch: [2][190/252]	Time  0.316 ( 0.325)	Data  0.005 ( 0.018)	Loss 2.5028e-01 (3.1805e-01)
Epoch: [2][200/252]	Time  0.316 ( 0.325)	Data  0.005 ( 0.018)	Loss 2.2358e-01 (3.1422e-01)
Epoch: [2][210/252]	Time  0.316 ( 0.325)	Data  0.005 ( 0.018)	Loss 2.7013e-01 (3.1161e-01)
Epoch: [2][220/252]	Time  0.319 ( 0.324)	Data  0.006 ( 0.018)	Loss 2.2523e-01 (3.1089e-01)
Epoch: [2][230/252]	Time  0.316 ( 0.324)	Data  0.006 ( 0.017)	Loss 1.9031e-01 (3.0731e-01)
Epoch: [2][240/252]	Time  0.317 ( 0.324)	Data  0.005 ( 0.017)	Loss 2.3937e-01 (3.0853e-01)
Epoch: [2][250/252]	Time  0.315 ( 0.324)	Data  0.005 ( 0.017)	Loss 3.4458e-01 (3.0684e-01)
Test: [10/50]	Time  0.110 ( 0.176)	Loss 2.45e-01 (9.43e-01)
Test: [20/50]	Time  0.107 ( 0.144)	Loss 1.02e-01 (6.24e-01)
Test: [30/50]	Time  0.125 ( 0.135)	Loss 2.21e+00 (6.74e-01)
Test: [40/50]	Time  0.121 ( 0.132)	Loss 3.44e-01 (8.05e-01)
Test: [50/50]	Time  0.069 ( 0.128)	Loss 3.65e-01 (9.60e-01)
Averege over whole validation set:
IOU-car: 0.393, Precision-car: 0.4, Recall-car: 0.959
IOU-ped: 0.0, Precision-ped: 0.0, Recall-ped: 0.0
IOU-cyc: 0.0282, Precision-cyc: 0.032, Recall-cyc: 0.192
Epoch: [3][ 10/252]	Time  0.672 ( 0.707)	Data  0.003 ( 0.111)	Loss 3.0141e-01 (2.8422e-01)
Epoch: [3][ 20/252]	Time  0.669 ( 0.689)	Data  0.004 ( 0.067)	Loss 2.1616e-01 (2.8318e-01)
Epoch: [3][ 30/252]	Time  0.667 ( 0.682)	Data  0.006 ( 0.051)	Loss 3.4524e-01 (2.7703e-01)
Epoch: [3][ 40/252]	Time  0.669 ( 0.679)	Data  0.005 ( 0.044)	Loss 3.1857e-01 (2.7596e-01)
Epoch: [3][ 50/252]	Time  0.668 ( 0.677)	Data  0.005 ( 0.039)	Loss 3.1133e-01 (2.7985e-01)
Epoch: [3][ 60/252]	Time  0.667 ( 0.676)	Data  0.006 ( 0.037)	Loss 2.2384e-01 (2.8149e-01)
Epoch: [3][ 70/252]	Time  0.668 ( 0.676)	Data  0.006 ( 0.035)	Loss 2.0873e-01 (2.7293e-01)
Epoch: [3][ 80/252]	Time  0.669 ( 0.675)	Data  0.005 ( 0.033)	Loss 3.4844e-01 (2.7121e-01)
Epoch: [3][ 90/252]	Time  0.673 ( 0.674)	Data  0.007 ( 0.032)	Loss 2.2164e-01 (2.6818e-01)
Epoch: [3][100/252]	Time  0.673 ( 0.674)	Data  0.005 ( 0.031)	Loss 2.2786e-01 (2.6483e-01)
Epoch: [3][110/252]	Time  0.672 ( 0.673)	Data  0.006 ( 0.030)	Loss 3.3635e-01 (2.6669e-01)
Epoch: [3][120/252]	Time  0.672 ( 0.673)	Data  0.005 ( 0.029)	Loss 1.8910e-01 (2.6421e-01)
Epoch: [3][130/252]	Time  0.671 ( 0.673)	Data  0.005 ( 0.029)	Loss 4.3624e-01 (2.6518e-01)
Epoch: [3][140/252]	Time  0.673 ( 0.673)	Data  0.005 ( 0.028)	Loss 2.2173e-01 (2.6522e-01)
Epoch: [3][150/252]	Time  0.674 ( 0.672)	Data  0.005 ( 0.028)	Loss 2.1312e-01 (2.6645e-01)
Epoch: [3][160/252]	Time  0.674 ( 0.672)	Data  0.006 ( 0.028)	Loss 2.1745e-01 (2.6648e-01)
Epoch: [3][170/252]	Time  0.678 ( 0.672)	Data  0.006 ( 0.027)	Loss 2.5086e-01 (2.6543e-01)
Epoch: [3][180/252]	Time  0.673 ( 0.672)	Data  0.005 ( 0.027)	Loss 2.3249e-01 (2.6503e-01)
Epoch: [3][190/252]	Time  0.674 ( 0.672)	Data  0.007 ( 0.027)	Loss 2.4449e-01 (2.6644e-01)
Epoch: [3][200/252]	Time  0.675 ( 0.672)	Data  0.005 ( 0.026)	Loss 2.2305e-01 (2.6565e-01)
Epoch: [3][210/252]	Time  0.677 ( 0.672)	Data  0.006 ( 0.026)	Loss 3.6680e-01 (2.6323e-01)
Epoch: [3][220/252]	Time  0.673 ( 0.672)	Data  0.006 ( 0.026)	Loss 2.1794e-01 (2.6257e-01)
Epoch: [3][230/252]	Time  0.669 ( 0.672)	Data  0.005 ( 0.026)	Loss 2.6769e-01 (2.6212e-01)
Epoch: [3][240/252]	Time  0.671 ( 0.672)	Data  0.005 ( 0.026)	Loss 2.3949e-01 (2.6049e-01)
Epoch: [3][250/252]	Time  0.675 ( 0.672)	Data  0.005 ( 0.025)	Loss 3.1151e-01 (2.6075e-01)
Test: [10/50]	Time  0.229 ( 0.328)	Loss 2.76e-01 (7.81e-01)
Test: [20/50]	Time  0.213 ( 0.279)	Loss 1.26e-01 (5.68e-01)
Test: [30/50]	Time  0.220 ( 0.236)	Loss 2.39e+00 (6.91e-01)
Test: [40/50]	Time  0.230 ( 0.234)	Loss 5.94e-01 (8.62e-01)
Test: [50/50]	Time  0.174 ( 0.232)	Loss 3.67e-01 (9.01e-01)
Averege over whole validation set:
IOU-car: 0.501, Precision-car: 0.516, Recall-car: 0.947
IOU-ped: 0.0, Precision-ped: 0.0, Recall-ped: 0.0
IOU-cyc: 0.0427, Precision-cyc: 0.0437, Recall-cyc: 0.646
Epoch: [4][ 10/252]	Time  0.522 ( 0.578)	Data  0.003 ( 0.063)	Loss 3.3214e-01 (2.4196e-01)
Epoch: [4][ 20/252]	Time  0.668 ( 0.560)	Data  0.003 ( 0.041)	Loss 1.6266e-01 (2.2328e-01)
Epoch: [4][ 30/252]	Time  0.677 ( 0.596)	Data  0.005 ( 0.034)	Loss 1.9726e-01 (2.2687e-01)
Epoch: [4][ 40/252]	Time  0.672 ( 0.614)	Data  0.005 ( 0.031)	Loss 2.3167e-01 (2.2751e-01)
Epoch: [4][ 50/252]	Time  0.672 ( 0.625)	Data  0.005 ( 0.030)	Loss 1.2985e-01 (2.3320e-01)
Epoch: [4][ 60/252]	Time  0.673 ( 0.632)	Data  0.006 ( 0.028)	Loss 2.1870e-01 (2.3063e-01)
Epoch: [4][ 70/252]	Time  0.674 ( 0.638)	Data  0.006 ( 0.027)	Loss 2.0374e-01 (2.3010e-01)
Epoch: [4][ 80/252]	Time  0.674 ( 0.642)	Data  0.006 ( 0.027)	Loss 3.3378e-01 (2.3314e-01)
Epoch: [4][ 90/252]	Time  0.674 ( 0.645)	Data  0.005 ( 0.026)	Loss 1.9098e-01 (2.3635e-01)
Epoch: [4][100/252]	Time  0.671 ( 0.648)	Data  0.005 ( 0.026)	Loss 3.1113e-01 (2.3646e-01)
Epoch: [4][110/252]	Time  0.677 ( 0.650)	Data  0.006 ( 0.025)	Loss 3.3303e-01 (2.4144e-01)
Epoch: [4][120/252]	Time  0.674 ( 0.652)	Data  0.005 ( 0.025)	Loss 1.8826e-01 (2.4099e-01)
Epoch: [4][130/252]	Time  0.673 ( 0.653)	Data  0.006 ( 0.025)	Loss 2.0878e-01 (2.4168e-01)
Epoch: [4][140/252]	Time  0.677 ( 0.654)	Data  0.006 ( 0.025)	Loss 1.6457e-01 (2.4289e-01)
Epoch: [4][150/252]	Time  0.674 ( 0.655)	Data  0.006 ( 0.024)	Loss 1.9046e-01 (2.4181e-01)
Epoch: [4][160/252]	Time  0.673 ( 0.656)	Data  0.005 ( 0.024)	Loss 1.8114e-01 (2.3996e-01)
Epoch: [4][170/252]	Time  0.673 ( 0.657)	Data  0.006 ( 0.024)	Loss 1.5187e-01 (2.3741e-01)
Epoch: [4][180/252]	Time  0.673 ( 0.658)	Data  0.006 ( 0.024)	Loss 1.8798e-01 (2.3626e-01)
Epoch: [4][190/252]	Time  0.673 ( 0.659)	Data  0.005 ( 0.024)	Loss 1.7015e-01 (2.3498e-01)
Epoch: [4][200/252]	Time  0.678 ( 0.659)	Data  0.006 ( 0.024)	Loss 2.9136e-01 (2.3560e-01)
Epoch: [4][210/252]	Time  0.674 ( 0.660)	Data  0.006 ( 0.024)	Loss 2.4987e-01 (2.4082e-01)
Epoch: [4][220/252]	Time  0.674 ( 0.660)	Data  0.005 ( 0.023)	Loss 1.9783e-01 (2.4564e-01)
Epoch: [4][230/252]	Time  0.674 ( 0.661)	Data  0.005 ( 0.023)	Loss 2.4391e-01 (2.4769e-01)
Epoch: [4][240/252]	Time  0.673 ( 0.661)	Data  0.005 ( 0.023)	Loss 2.7757e-01 (2.4703e-01)
Epoch: [4][250/252]	Time  0.673 ( 0.662)	Data  0.005 ( 0.023)	Loss 2.0798e-01 (2.4742e-01)
Test: [10/50]	Time  0.265 ( 0.356)	Loss 2.79e-01 (6.28e-01)
Test: [20/50]	Time  0.303 ( 0.326)	Loss 1.55e-01 (4.55e-01)
Test: [30/50]	Time  0.118 ( 0.290)	Loss 2.22e+00 (6.41e-01)
Test: [40/50]	Time  0.231 ( 0.272)	Loss 4.13e-01 (7.99e-01)
Test: [50/50]	Time  0.175 ( 0.262)	Loss 4.00e-01 (7.86e-01)
Averege over whole validation set:
IOU-car: 0.444, Precision-car: 0.452, Recall-car: 0.96
IOU-ped: 0.0, Precision-ped: 0.0, Recall-ped: 0.0
IOU-cyc: 0.121, Precision-cyc: 0.129, Recall-cyc: 0.669
Epoch: [5][ 10/252]	Time  0.520 ( 0.591)	Data  0.003 ( 0.078)	Loss 3.0395e-01 (2.7510e-01)
Epoch: [5][ 20/252]	Time  0.677 ( 0.576)	Data  0.004 ( 0.049)	Loss 2.8855e-01 (2.6936e-01)
Epoch: [5][ 30/252]	Time  0.673 ( 0.607)	Data  0.010 ( 0.039)	Loss 1.7230e-01 (2.5387e-01)
Epoch: [5][ 40/252]	Time  0.676 ( 0.623)	Data  0.006 ( 0.035)	Loss 1.3988e-01 (2.4277e-01)
Epoch: [5][ 50/252]	Time  0.673 ( 0.633)	Data  0.005 ( 0.032)	Loss 1.9255e-01 (2.3838e-01)
Epoch: [5][ 60/252]	Time  0.675 ( 0.639)	Data  0.006 ( 0.030)	Loss 1.5479e-01 (2.2896e-01)
Epoch: [5][ 70/252]	Time  0.675 ( 0.643)	Data  0.006 ( 0.029)	Loss 3.1132e-01 (2.2670e-01)
Epoch: [5][ 80/252]	Time  0.673 ( 0.647)	Data  0.006 ( 0.028)	Loss 4.9765e-01 (2.2479e-01)
Epoch: [5][ 90/252]	Time  0.675 ( 0.650)	Data  0.006 ( 0.027)	Loss 1.2966e-01 (2.2293e-01)
Epoch: [5][100/252]	Time  0.673 ( 0.652)	Data  0.006 ( 0.027)	Loss 1.7963e-01 (2.1961e-01)
Epoch: [5][110/252]	Time  0.675 ( 0.654)	Data  0.005 ( 0.026)	Loss 1.4319e-01 (2.1504e-01)
Epoch: [5][120/252]	Time  0.671 ( 0.655)	Data  0.006 ( 0.026)	Loss 1.8003e-01 (2.1144e-01)
Epoch: [5][130/252]	Time  0.671 ( 0.656)	Data  0.005 ( 0.026)	Loss 2.7079e-01 (2.0997e-01)
Epoch: [5][140/252]	Time  0.673 ( 0.658)	Data  0.010 ( 0.025)	Loss 1.9048e-01 (2.1007e-01)
Epoch: [5][150/252]	Time  0.674 ( 0.658)	Data  0.010 ( 0.025)	Loss 1.7420e-01 (2.0736e-01)
Epoch: [5][160/252]	Time  0.670 ( 0.659)	Data  0.005 ( 0.025)	Loss 1.6919e-01 (2.0665e-01)
Epoch: [5][170/252]	Time  0.673 ( 0.660)	Data  0.005 ( 0.025)	Loss 2.0238e-01 (2.0993e-01)
Epoch: [5][180/252]	Time  0.673 ( 0.661)	Data  0.006 ( 0.024)	Loss 1.7608e-01 (2.1096e-01)
Epoch: [5][190/252]	Time  0.672 ( 0.661)	Data  0.005 ( 0.024)	Loss 2.0487e-01 (2.1205e-01)
Epoch: [5][200/252]	Time  0.674 ( 0.662)	Data  0.006 ( 0.024)	Loss 2.5001e-01 (2.1424e-01)
Epoch: [5][210/252]	Time  0.669 ( 0.662)	Data  0.006 ( 0.024)	Loss 2.0047e-01 (2.1279e-01)
Epoch: [5][220/252]	Time  0.669 ( 0.663)	Data  0.006 ( 0.024)	Loss 4.0686e-01 (2.1312e-01)
Epoch: [5][230/252]	Time  0.669 ( 0.663)	Data  0.006 ( 0.024)	Loss 1.8460e-01 (2.1418e-01)
Epoch: [5][240/252]	Time  0.671 ( 0.664)	Data  0.006 ( 0.024)	Loss 2.5817e-01 (2.1290e-01)
Epoch: [5][250/252]	Time  0.668 ( 0.664)	Data  0.006 ( 0.024)	Loss 2.1005e-01 (2.1186e-01)
Test: [10/50]	Time  0.241 ( 0.332)	Loss 2.68e-01 (9.02e-01)
Test: [20/50]	Time  0.305 ( 0.313)	Loss 1.39e-01 (5.87e-01)
Test: [30/50]	Time  0.129 ( 0.274)	Loss 2.25e+00 (6.33e-01)
Test: [40/50]	Time  0.226 ( 0.263)	Loss 4.45e-01 (7.80e-01)
Test: [50/50]	Time  0.175 ( 0.255)	Loss 3.54e-01 (9.25e-01)
Averege over whole validation set:
IOU-car: 0.402, Precision-car: 0.406, Recall-car: 0.977
IOU-ped: 0.0, Precision-ped: 0.0, Recall-ped: 0.0
IOU-cyc: 0.0528, Precision-cyc: 0.0599, Recall-cyc: 0.307
Epoch: [6][ 10/252]	Time  0.523 ( 0.583)	Data  0.003 ( 0.068)	Loss 2.1107e-01 (2.5041e-01)
Epoch: [6][ 20/252]	Time  0.673 ( 0.571)	Data  0.003 ( 0.044)	Loss 1.3508e-01 (2.3418e-01)
Epoch: [6][ 30/252]	Time  0.671 ( 0.604)	Data  0.006 ( 0.036)	Loss 1.9067e-01 (2.1717e-01)
Epoch: [6][ 40/252]	Time  0.673 ( 0.621)	Data  0.005 ( 0.033)	Loss 2.1175e-01 (2.1242e-01)
Epoch: [6][ 50/252]	Time  0.671 ( 0.631)	Data  0.005 ( 0.031)	Loss 1.6198e-01 (2.0690e-01)
Epoch: [6][ 60/252]	Time  0.673 ( 0.638)	Data  0.005 ( 0.029)	Loss 2.8302e-01 (2.0537e-01)
Epoch: [6][ 70/252]	Time  0.673 ( 0.643)	Data  0.006 ( 0.028)	Loss 2.1223e-01 (2.0502e-01)
Epoch: [6][ 80/252]	Time  0.672 ( 0.646)	Data  0.005 ( 0.027)	Loss 5.1843e-01 (2.1340e-01)
Epoch: [6][ 90/252]	Time  0.673 ( 0.649)	Data  0.006 ( 0.027)	Loss 1.8398e-01 (2.1868e-01)
Epoch: [6][100/252]	Time  0.673 ( 0.651)	Data  0.005 ( 0.026)	Loss 1.6070e-01 (2.2171e-01)
Epoch: [6][110/252]	Time  0.673 ( 0.653)	Data  0.005 ( 0.026)	Loss 3.2210e-01 (2.2448e-01)
Epoch: [6][120/252]	Time  0.673 ( 0.654)	Data  0.005 ( 0.025)	Loss 3.1602e-01 (2.3157e-01)
Epoch: [6][130/252]	Time  0.672 ( 0.656)	Data  0.006 ( 0.025)	Loss 2.6062e-01 (2.3369e-01)
Epoch: [6][140/252]	Time  0.673 ( 0.657)	Data  0.005 ( 0.025)	Loss 2.8655e-01 (2.3471e-01)
Epoch: [6][150/252]	Time  0.673 ( 0.658)	Data  0.006 ( 0.025)	Loss 1.9877e-01 (2.3511e-01)
Epoch: [6][160/252]	Time  0.673 ( 0.659)	Data  0.006 ( 0.025)	Loss 2.3663e-01 (2.3510e-01)
Epoch: [6][170/252]	Time  0.672 ( 0.659)	Data  0.006 ( 0.024)	Loss 2.9959e-01 (2.3462e-01)
Epoch: [6][180/252]	Time  0.674 ( 0.660)	Data  0.005 ( 0.024)	Loss 2.9067e-01 (2.3583e-01)
Epoch: [6][190/252]	Time  0.673 ( 0.660)	Data  0.006 ( 0.024)	Loss 1.8054e-01 (2.3471e-01)
Epoch: [6][200/252]	Time  0.672 ( 0.661)	Data  0.005 ( 0.024)	Loss 2.8275e-01 (2.3548e-01)
Epoch: [6][210/252]	Time  0.673 ( 0.661)	Data  0.006 ( 0.024)	Loss 2.4193e-01 (2.3600e-01)
Epoch: [6][220/252]	Time  0.673 ( 0.662)	Data  0.006 ( 0.024)	Loss 4.4955e-01 (2.3756e-01)
Epoch: [6][230/252]	Time  0.672 ( 0.662)	Data  0.006 ( 0.024)	Loss 2.5188e-01 (2.3843e-01)
Epoch: [6][240/252]	Time  0.673 ( 0.663)	Data  0.006 ( 0.024)	Loss 2.9033e-01 (2.3841e-01)
Epoch: [6][250/252]	Time  0.674 ( 0.663)	Data  0.005 ( 0.024)	Loss 1.6627e-01 (2.3655e-01)
Test: [10/50]	Time  0.303 ( 0.343)	Loss 2.88e-01 (9.69e-01)
Test: [20/50]	Time  0.296 ( 0.316)	Loss 1.61e-01 (6.26e-01)
Test: [30/50]	Time  0.239 ( 0.273)	Loss 2.33e+00 (6.32e-01)
Test: [40/50]	Time  0.226 ( 0.262)	Loss 4.08e-01 (7.50e-01)
Test: [50/50]	Time  0.174 ( 0.254)	Loss 3.61e-01 (9.90e-01)
Averege over whole validation set:
IOU-car: 0.483, Precision-car: 0.49, Recall-car: 0.97
IOU-ped: 0.0156, Precision-ped: 0.0227, Recall-ped: 0.0477
IOU-cyc: 0.000183, Precision-cyc: 0.0138, Recall-cyc: 0.000185
Epoch: [7][ 10/252]	Time  0.523 ( 0.583)	Data  0.004 ( 0.064)	Loss 2.4127e-01 (2.6070e-01)
Epoch: [7][ 20/252]	Time  0.670 ( 0.567)	Data  0.004 ( 0.042)	Loss 4.4391e-01 (2.5222e-01)
Epoch: [7][ 30/252]	Time  0.668 ( 0.602)	Data  0.009 ( 0.035)	Loss 1.8452e-01 (2.5095e-01)
Epoch: [7][ 40/252]	Time  0.670 ( 0.620)	Data  0.005 ( 0.032)	Loss 2.4670e-01 (2.5440e-01)
Epoch: [7][ 50/252]	Time  0.667 ( 0.630)	Data  0.006 ( 0.029)	Loss 2.0323e-01 (2.5167e-01)
Epoch: [7][ 60/252]	Time  0.670 ( 0.637)	Data  0.005 ( 0.028)	Loss 1.6283e-01 (2.5364e-01)
Epoch: [7][ 70/252]	Time  0.670 ( 0.642)	Data  0.005 ( 0.027)	Loss 2.7033e-01 (2.5180e-01)
Epoch: [7][ 80/252]	Time  0.668 ( 0.646)	Data  0.006 ( 0.026)	Loss 2.7403e-01 (2.4848e-01)
Epoch: [7][ 90/252]	Time  0.668 ( 0.648)	Data  0.006 ( 0.026)	Loss 1.5682e-01 (2.4211e-01)
Epoch: [7][100/252]	Time  0.671 ( 0.651)	Data  0.005 ( 0.025)	Loss 3.8540e-01 (2.4340e-01)
Epoch: [7][110/252]	Time  0.667 ( 0.653)	Data  0.006 ( 0.025)	Loss 3.1400e-01 (2.4080e-01)
Epoch: [7][120/252]	Time  0.671 ( 0.654)	Data  0.006 ( 0.024)	Loss 2.8522e-01 (2.4113e-01)
Epoch: [7][130/252]	Time  0.670 ( 0.655)	Data  0.006 ( 0.024)	Loss 1.6830e-01 (2.3820e-01)
Epoch: [7][140/252]	Time  0.672 ( 0.657)	Data  0.005 ( 0.024)	Loss 2.2024e-01 (2.3582e-01)
Epoch: [7][150/252]	Time  0.669 ( 0.658)	Data  0.006 ( 0.024)	Loss 2.1003e-01 (2.3321e-01)
Epoch: [7][160/252]	Time  0.666 ( 0.659)	Data  0.006 ( 0.024)	Loss 1.6421e-01 (2.3342e-01)
Epoch: [7][170/252]	Time  0.676 ( 0.659)	Data  0.005 ( 0.024)	Loss 2.1478e-01 (2.3306e-01)
Epoch: [7][180/252]	Time  0.670 ( 0.660)	Data  0.005 ( 0.023)	Loss 2.5671e-01 (2.3242e-01)
Epoch: [7][190/252]	Time  0.670 ( 0.661)	Data  0.006 ( 0.023)	Loss 2.9707e-01 (2.3136e-01)
Epoch: [7][200/252]	Time  0.671 ( 0.661)	Data  0.005 ( 0.023)	Loss 3.7283e-01 (2.3057e-01)
Epoch: [7][210/252]	Time  0.673 ( 0.662)	Data  0.006 ( 0.023)	Loss 2.5646e-01 (2.2895e-01)
Epoch: [7][220/252]	Time  0.671 ( 0.662)	Data  0.006 ( 0.023)	Loss 1.9486e-01 (2.3022e-01)
Epoch: [7][230/252]	Time  0.668 ( 0.663)	Data  0.006 ( 0.023)	Loss 2.4751e-01 (2.3059e-01)
Epoch: [7][240/252]	Time  0.670 ( 0.663)	Data  0.006 ( 0.023)	Loss 1.8505e-01 (2.3001e-01)
Epoch: [7][250/252]	Time  0.671 ( 0.664)	Data  0.005 ( 0.023)	Loss 2.3017e-01 (2.3157e-01)
Test: [10/50]	Time  0.305 ( 0.353)	Loss 2.86e-01 (7.50e-01)
Test: [20/50]	Time  0.248 ( 0.321)	Loss 1.69e-01 (5.30e-01)
Test: [30/50]	Time  0.236 ( 0.276)	Loss 2.08e+00 (5.84e-01)
Test: [40/50]	Time  0.225 ( 0.265)	Loss 4.14e-01 (6.83e-01)
Test: [50/50]	Time  0.174 ( 0.256)	Loss 3.83e-01 (6.80e-01)
Averege over whole validation set:
IOU-car: 0.541, Precision-car: 0.553, Recall-car: 0.962
IOU-ped: 0.00716, Precision-ped: 0.00768, Recall-ped: 0.0956
IOU-cyc: 0.0876, Precision-cyc: 0.355, Recall-cyc: 0.104
Epoch: [8][ 10/252]	Time  0.554 ( 0.590)	Data  0.003 ( 0.070)	Loss 3.0774e-01 (2.8551e-01)
Epoch: [8][ 20/252]	Time  0.670 ( 0.578)	Data  0.004 ( 0.045)	Loss 2.6545e-01 (2.6022e-01)
Epoch: [8][ 30/252]	Time  0.665 ( 0.609)	Data  0.005 ( 0.037)	Loss 1.1432e-01 (2.5214e-01)
Epoch: [8][ 40/252]	Time  0.666 ( 0.625)	Data  0.005 ( 0.034)	Loss 2.9808e-01 (2.5384e-01)
Epoch: [8][ 50/252]	Time  0.667 ( 0.634)	Data  0.006 ( 0.031)	Loss 2.5966e-01 (2.4692e-01)
Epoch: [8][ 60/252]	Time  0.666 ( 0.641)	Data  0.006 ( 0.030)	Loss 1.2419e-01 (2.4620e-01)
Epoch: [8][ 70/252]	Time  0.676 ( 0.646)	Data  0.005 ( 0.029)	Loss 3.0810e-01 (2.4375e-01)
Epoch: [8][ 80/252]	Time  0.678 ( 0.650)	Data  0.005 ( 0.028)	Loss 1.4730e-01 (2.4304e-01)
Epoch: [8][ 90/252]	Time  0.673 ( 0.652)	Data  0.006 ( 0.027)	Loss 1.9083e-01 (2.4196e-01)
Epoch: [8][100/252]	Time  0.674 ( 0.654)	Data  0.006 ( 0.026)	Loss 9.7075e-02 (2.3578e-01)
Epoch: [8][110/252]	Time  0.670 ( 0.656)	Data  0.005 ( 0.026)	Loss 1.8741e-01 (2.3786e-01)
Epoch: [8][120/252]	Time  0.672 ( 0.657)	Data  0.006 ( 0.026)	Loss 1.9619e-01 (2.3604e-01)
Epoch: [8][130/252]	Time  0.669 ( 0.658)	Data  0.005 ( 0.025)	Loss 1.6316e-01 (2.3445e-01)
Epoch: [8][140/252]	Time  0.670 ( 0.659)	Data  0.005 ( 0.025)	Loss 3.5441e-01 (2.3580e-01)
Epoch: [8][150/252]	Time  0.671 ( 0.660)	Data  0.006 ( 0.025)	Loss 2.0838e-01 (2.3596e-01)
Epoch: [8][160/252]	Time  0.673 ( 0.661)	Data  0.005 ( 0.025)	Loss 2.8959e-01 (2.3650e-01)
Epoch: [8][170/252]	Time  0.673 ( 0.661)	Data  0.005 ( 0.024)	Loss 2.4631e-01 (2.3519e-01)
Epoch: [8][180/252]	Time  0.676 ( 0.662)	Data  0.006 ( 0.024)	Loss 1.4177e-01 (2.3397e-01)
Epoch: [8][190/252]	Time  0.669 ( 0.663)	Data  0.006 ( 0.024)	Loss 2.8268e-01 (2.3408e-01)
Epoch: [8][200/252]	Time  0.675 ( 0.663)	Data  0.006 ( 0.024)	Loss 3.0151e-01 (2.3500e-01)
Epoch: [8][210/252]	Time  0.671 ( 0.663)	Data  0.005 ( 0.024)	Loss 2.4240e-01 (2.3537e-01)
Epoch: [8][220/252]	Time  0.671 ( 0.664)	Data  0.009 ( 0.024)	Loss 2.3123e-01 (2.3463e-01)
Epoch: [8][230/252]	Time  0.669 ( 0.664)	Data  0.005 ( 0.023)	Loss 1.7551e-01 (2.3358e-01)
Epoch: [8][240/252]	Time  0.671 ( 0.664)	Data  0.005 ( 0.023)	Loss 2.8999e-01 (2.3196e-01)
Epoch: [8][250/252]	Time  0.671 ( 0.665)	Data  0.005 ( 0.023)	Loss 2.4893e-01 (2.3112e-01)
Test: [10/50]	Time  0.295 ( 0.356)	Loss 2.95e-01 (9.72e-01)
Test: [20/50]	Time  0.253 ( 0.314)	Loss 1.56e-01 (6.40e-01)
Test: [30/50]	Time  0.229 ( 0.278)	Loss 2.35e+00 (6.48e-01)
Test: [40/50]	Time  0.227 ( 0.265)	Loss 4.40e-01 (7.92e-01)
Test: [50/50]	Time  0.176 ( 0.257)	Loss 3.93e-01 (9.50e-01)
Averege over whole validation set:
IOU-car: 0.598, Precision-car: 0.618, Recall-car: 0.95
IOU-ped: 0.0211, Precision-ped: 0.0266, Recall-ped: 0.0932
IOU-cyc: 0.00292, Precision-cyc: 0.0534, Recall-cyc: 0.00307
Epoch: [9][ 10/252]	Time  0.557 ( 0.586)	Data  0.004 ( 0.062)	Loss 3.4176e-01 (2.1742e-01)
Epoch: [9][ 20/252]	Time  0.667 ( 0.586)	Data  0.010 ( 0.041)	Loss 3.1353e-01 (2.1826e-01)
Epoch: [9][ 30/252]	Time  0.668 ( 0.614)	Data  0.006 ( 0.034)	Loss 3.0346e-01 (2.2271e-01)
Epoch: [9][ 40/252]	Time  0.670 ( 0.629)	Data  0.006 ( 0.031)	Loss 2.2739e-01 (2.3143e-01)
Epoch: [9][ 50/252]	Time  0.671 ( 0.637)	Data  0.005 ( 0.029)	Loss 2.5196e-01 (2.3047e-01)
Epoch: [9][ 60/252]	Time  0.669 ( 0.643)	Data  0.006 ( 0.028)	Loss 1.0297e-01 (2.2528e-01)
Epoch: [9][ 70/252]	Time  0.673 ( 0.647)	Data  0.006 ( 0.027)	Loss 1.6069e-01 (2.1882e-01)
Epoch: [9][ 80/252]	Time  0.669 ( 0.650)	Data  0.005 ( 0.026)	Loss 2.0936e-01 (2.1651e-01)
Epoch: [9][ 90/252]	Time  0.671 ( 0.653)	Data  0.006 ( 0.026)	Loss 1.7284e-01 (2.1354e-01)
Epoch: [9][100/252]	Time  0.671 ( 0.655)	Data  0.006 ( 0.025)	Loss 1.5275e-01 (2.1113e-01)
Epoch: [9][110/252]	Time  0.671 ( 0.656)	Data  0.005 ( 0.025)	Loss 1.1016e-01 (2.1000e-01)
Epoch: [9][120/252]	Time  0.671 ( 0.657)	Data  0.005 ( 0.025)	Loss 2.3182e-01 (2.1192e-01)
Epoch: [9][130/252]	Time  0.674 ( 0.659)	Data  0.005 ( 0.024)	Loss 2.6534e-01 (2.1199e-01)
Epoch: [9][140/252]	Time  0.668 ( 0.659)	Data  0.006 ( 0.024)	Loss 1.9637e-01 (2.1137e-01)
Epoch: [9][150/252]	Time  0.668 ( 0.660)	Data  0.006 ( 0.024)	Loss 2.1587e-01 (2.1107e-01)
Epoch: [9][160/252]	Time  0.668 ( 0.661)	Data  0.006 ( 0.024)	Loss 3.3581e-01 (2.1312e-01)
Epoch: [9][170/252]	Time  0.668 ( 0.661)	Data  0.006 ( 0.024)	Loss 1.5205e-01 (2.1452e-01)
Epoch: [9][180/252]	Time  0.671 ( 0.662)	Data  0.005 ( 0.024)	Loss 3.1588e-01 (2.1836e-01)
Epoch: [9][190/252]	Time  0.671 ( 0.662)	Data  0.005 ( 0.024)	Loss 3.4105e-01 (2.1952e-01)
Epoch: [9][200/252]	Time  0.667 ( 0.663)	Data  0.006 ( 0.023)	Loss 1.0601e-01 (2.2089e-01)
Epoch: [9][210/252]	Time  0.671 ( 0.663)	Data  0.006 ( 0.023)	Loss 1.3702e-01 (2.1962e-01)
Epoch: [9][220/252]	Time  0.672 ( 0.664)	Data  0.006 ( 0.023)	Loss 1.6537e-01 (2.1919e-01)
Epoch: [9][230/252]	Time  0.671 ( 0.664)	Data  0.005 ( 0.023)	Loss 1.8777e-01 (2.1944e-01)
Epoch: [9][240/252]	Time  0.671 ( 0.664)	Data  0.005 ( 0.023)	Loss 2.0961e-01 (2.2073e-01)
Epoch: [9][250/252]	Time  0.670 ( 0.665)	Data  0.005 ( 0.023)	Loss 1.8725e-01 (2.2036e-01)
Test: [10/50]	Time  0.247 ( 0.371)	Loss 3.06e-01 (1.03e+00)
Test: [20/50]	Time  0.165 ( 0.320)	Loss 1.75e-01 (6.67e-01)
Test: [30/50]	Time  0.228 ( 0.278)	Loss 2.40e+00 (6.44e-01)
Test: [40/50]	Time  0.228 ( 0.265)	Loss 4.14e-01 (7.91e-01)
Test: [50/50]	Time  0.174 ( 0.256)	Loss 3.70e-01 (9.96e-01)
Averege over whole validation set:
IOU-car: 0.545, Precision-car: 0.555, Recall-car: 0.968
IOU-ped: 0.0247, Precision-ped: 0.0284, Recall-ped: 0.159
IOU-cyc: 0.00549, Precision-cyc: 0.0859, Recall-cyc: 0.00583
Epoch: [10][ 10/252]	Time  0.349 ( 0.561)	Data  0.004 ( 0.067)	Loss 1.7919e-01 (2.0023e-01)
Epoch: [10][ 20/252]	Time  0.673 ( 0.606)	Data  0.006 ( 0.042)	Loss 1.7972e-01 (2.0693e-01)
Epoch: [10][ 30/252]	Time  0.669 ( 0.627)	Data  0.005 ( 0.034)	Loss 1.6889e-01 (2.0553e-01)
Epoch: [10][ 40/252]	Time  0.674 ( 0.638)	Data  0.006 ( 0.031)	Loss 1.4749e-01 (2.2188e-01)
Epoch: [10][ 50/252]	Time  0.671 ( 0.645)	Data  0.005 ( 0.029)	Loss 1.9183e-01 (2.3043e-01)
Epoch: [10][ 60/252]	Time  0.668 ( 0.649)	Data  0.006 ( 0.028)	Loss 2.6236e-01 (2.2988e-01)
Epoch: [10][ 70/252]	Time  0.674 ( 0.652)	Data  0.005 ( 0.027)	Loss 2.5310e-01 (2.3039e-01)
Epoch: [10][ 80/252]	Time  0.668 ( 0.655)	Data  0.005 ( 0.027)	Loss 2.0385e-01 (2.3111e-01)
Epoch: [10][ 90/252]	Time  0.669 ( 0.656)	Data  0.006 ( 0.026)	Loss 3.4104e-01 (2.3301e-01)
Epoch: [10][100/252]	Time  0.673 ( 0.658)	Data  0.005 ( 0.026)	Loss 1.6183e-01 (2.3289e-01)
Epoch: [10][110/252]	Time  0.670 ( 0.659)	Data  0.006 ( 0.025)	Loss 7.0675e-02 (2.2707e-01)
Epoch: [10][120/252]	Time  0.669 ( 0.660)	Data  0.005 ( 0.025)	Loss 2.1141e-01 (2.2903e-01)
Epoch: [10][130/252]	Time  0.671 ( 0.661)	Data  0.005 ( 0.025)	Loss 1.7350e-01 (2.2927e-01)
Epoch: [10][140/252]	Time  0.670 ( 0.662)	Data  0.005 ( 0.024)	Loss 4.0042e-01 (2.3045e-01)
Epoch: [10][150/252]	Time  0.671 ( 0.662)	Data  0.005 ( 0.024)	Loss 1.2163e-01 (2.2851e-01)
Epoch: [10][160/252]	Time  0.669 ( 0.663)	Data  0.006 ( 0.024)	Loss 2.1050e-01 (2.2930e-01)
Epoch: [10][170/252]	Time  0.675 ( 0.663)	Data  0.006 ( 0.024)	Loss 2.5369e-01 (2.2656e-01)
Epoch: [10][180/252]	Time  0.667 ( 0.664)	Data  0.005 ( 0.024)	Loss 1.8802e-01 (2.2573e-01)
Epoch: [10][190/252]	Time  0.670 ( 0.664)	Data  0.005 ( 0.024)	Loss 1.5257e-01 (2.2345e-01)
Epoch: [10][200/252]	Time  0.672 ( 0.664)	Data  0.005 ( 0.024)	Loss 1.8617e-01 (2.2082e-01)
Epoch: [10][210/252]	Time  0.669 ( 0.665)	Data  0.005 ( 0.023)	Loss 1.6785e-01 (2.2053e-01)
Epoch: [10][220/252]	Time  0.670 ( 0.665)	Data  0.006 ( 0.023)	Loss 2.3461e-01 (2.2263e-01)
Epoch: [10][230/252]	Time  0.671 ( 0.665)	Data  0.006 ( 0.023)	Loss 2.0314e-01 (2.2106e-01)
Epoch: [10][240/252]	Time  0.671 ( 0.666)	Data  0.005 ( 0.023)	Loss 2.0494e-01 (2.2096e-01)
Epoch: [10][250/252]	Time  0.673 ( 0.666)	Data  0.006 ( 0.023)	Loss 1.7608e-01 (2.2052e-01)
Test: [10/50]	Time  0.303 ( 0.354)	Loss 3.14e-01 (1.04e+00)
Test: [20/50]	Time  0.122 ( 0.286)	Loss 1.73e-01 (6.72e-01)
Test: [30/50]	Time  0.228 ( 0.263)	Loss 2.41e+00 (6.69e-01)
Test: [40/50]	Time  0.226 ( 0.254)	Loss 4.18e-01 (8.31e-01)
Test: [50/50]	Time  0.172 ( 0.248)	Loss 3.86e-01 (9.86e-01)
Averege over whole validation set:
IOU-car: 0.548, Precision-car: 0.557, Recall-car: 0.971
IOU-ped: 0.0157, Precision-ped: 0.0217, Recall-ped: 0.0537
IOU-cyc: 0.0152, Precision-cyc: 0.181, Recall-cyc: 0.0163
Epoch: [11][ 10/252]	Time  0.520 ( 0.561)	Data  0.004 ( 0.079)	Loss 3.4799e-01 (2.8689e-01)
Epoch: [11][ 20/252]	Time  0.599 ( 0.614)	Data  0.004 ( 0.050)	Loss 2.0949e-01 (2.3701e-01)
Epoch: [11][ 30/252]	Time  0.605 ( 0.632)	Data  0.005 ( 0.040)	Loss 2.2074e-01 (2.3629e-01)
Epoch: [11][ 40/252]	Time  0.594 ( 0.642)	Data  0.009 ( 0.036)	Loss 3.3249e-01 (2.3926e-01)
Epoch: [11][ 50/252]	Time  0.607 ( 0.648)	Data  0.006 ( 0.033)	Loss 2.1388e-01 (2.2705e-01)
Epoch: [11][ 60/252]	Time  0.604 ( 0.652)	Data  0.005 ( 0.031)	Loss 2.2975e-01 (2.2813e-01)
Epoch: [11][ 70/252]	Time  0.601 ( 0.654)	Data  0.008 ( 0.030)	Loss 2.2202e-01 (2.2791e-01)
Epoch: [11][ 80/252]	Time  0.602 ( 0.656)	Data  0.005 ( 0.029)	Loss 2.4780e-01 (2.2428e-01)
Epoch: [11][ 90/252]	Time  0.602 ( 0.658)	Data  0.006 ( 0.028)	Loss 3.1280e-01 (2.2328e-01)
Epoch: [11][100/252]	Time  0.612 ( 0.659)	Data  0.006 ( 0.027)	Loss 1.1899e-01 (2.2266e-01)
Epoch: [11][110/252]	Time  0.595 ( 0.660)	Data  0.005 ( 0.027)	Loss 1.6219e-01 (2.1948e-01)
Epoch: [11][120/252]	Time  0.611 ( 0.661)	Data  0.005 ( 0.027)	Loss 2.4891e-01 (2.1644e-01)
Epoch: [11][130/252]	Time  0.599 ( 0.662)	Data  0.006 ( 0.026)	Loss 1.2149e-01 (2.1703e-01)
Epoch: [11][140/252]	Time  0.599 ( 0.663)	Data  0.006 ( 0.026)	Loss 3.3954e-01 (2.1486e-01)
Epoch: [11][150/252]	Time  0.604 ( 0.663)	Data  0.006 ( 0.026)	Loss 1.7208e-01 (2.1148e-01)
Epoch: [11][160/252]	Time  0.607 ( 0.664)	Data  0.006 ( 0.025)	Loss 1.5513e-01 (2.1144e-01)
Epoch: [11][170/252]	Time  0.597 ( 0.664)	Data  0.005 ( 0.025)	Loss 1.8972e-01 (2.1062e-01)
Epoch: [11][180/252]	Time  0.607 ( 0.664)	Data  0.006 ( 0.025)	Loss 1.7630e-01 (2.0881e-01)
Epoch: [11][190/252]	Time  0.602 ( 0.665)	Data  0.006 ( 0.025)	Loss 1.4589e-01 (2.1015e-01)
Epoch: [11][200/252]	Time  0.605 ( 0.665)	Data  0.006 ( 0.025)	Loss 4.0925e-01 (2.1138e-01)
Epoch: [11][210/252]	Time  0.599 ( 0.665)	Data  0.006 ( 0.025)	Loss 2.6151e-01 (2.1069e-01)
Epoch: [11][220/252]	Time  0.602 ( 0.665)	Data  0.005 ( 0.024)	Loss 2.5620e-01 (2.1159e-01)
Epoch: [11][230/252]	Time  0.600 ( 0.666)	Data  0.006 ( 0.024)	Loss 1.6104e-01 (2.1110e-01)
Epoch: [11][240/252]	Time  0.602 ( 0.666)	Data  0.005 ( 0.024)	Loss 2.1775e-01 (2.1133e-01)
Epoch: [11][250/252]	Time  0.599 ( 0.666)	Data  0.006 ( 0.024)	Loss 1.1356e-01 (2.1083e-01)
Test: [10/50]	Time  0.252 ( 0.357)	Loss 3.04e-01 (9.45e-01)
Test: [20/50]	Time  0.140 ( 0.267)	Loss 1.70e-01 (6.25e-01)
Test: [30/50]	Time  0.228 ( 0.254)	Loss 2.38e+00 (6.40e-01)
Test: [40/50]	Time  0.229 ( 0.247)	Loss 4.12e-01 (7.97e-01)
Test: [50/50]	Time  0.176 ( 0.242)	Loss 3.89e-01 (8.55e-01)
Averege over whole validation set:
IOU-car: 0.595, Precision-car: 0.609, Recall-car: 0.962
IOU-ped: 0.0186, Precision-ped: 0.0235, Recall-ped: 0.0815
IOU-cyc: 0.0488, Precision-cyc: 0.319, Recall-cyc: 0.0545
Epoch: [12][ 10/252]	Time  0.681 ( 0.563)	Data  0.005 ( 0.077)	Loss 3.4004e-01 (2.1291e-01)
Epoch: [12][ 20/252]	Time  0.677 ( 0.616)	Data  0.003 ( 0.049)	Loss 1.6434e-01 (2.2595e-01)
Epoch: [12][ 30/252]	Time  0.672 ( 0.634)	Data  0.006 ( 0.039)	Loss 1.6275e-01 (2.3739e-01)
Epoch: [12][ 40/252]	Time  0.675 ( 0.643)	Data  0.005 ( 0.035)	Loss 2.1652e-01 (2.3399e-01)
Epoch: [12][ 50/252]	Time  0.673 ( 0.648)	Data  0.006 ( 0.033)	Loss 2.2784e-01 (2.2759e-01)
Epoch: [12][ 60/252]	Time  0.674 ( 0.652)	Data  0.005 ( 0.031)	Loss 2.7118e-01 (2.2383e-01)
Epoch: [12][ 70/252]	Time  0.674 ( 0.655)	Data  0.005 ( 0.029)	Loss 1.1118e-01 (2.1686e-01)
Epoch: [12][ 80/252]	Time  0.674 ( 0.657)	Data  0.005 ( 0.028)	Loss 1.3338e-01 (2.1658e-01)
Epoch: [12][ 90/252]	Time  0.675 ( 0.658)	Data  0.006 ( 0.027)	Loss 2.4632e-01 (2.1132e-01)
Epoch: [12][100/252]	Time  0.672 ( 0.660)	Data  0.006 ( 0.027)	Loss 2.0045e-01 (2.1057e-01)
Epoch: [12][110/252]	Time  0.676 ( 0.661)	Data  0.006 ( 0.026)	Loss 8.9126e-02 (2.0906e-01)
Epoch: [12][120/252]	Time  0.676 ( 0.662)	Data  0.006 ( 0.026)	Loss 3.7333e-01 (2.0788e-01)
Epoch: [12][130/252]	Time  0.671 ( 0.662)	Data  0.005 ( 0.026)	Loss 2.1463e-01 (2.0602e-01)
Epoch: [12][140/252]	Time  0.672 ( 0.663)	Data  0.006 ( 0.025)	Loss 3.0463e-01 (2.0540e-01)
Epoch: [12][150/252]	Time  0.674 ( 0.663)	Data  0.005 ( 0.025)	Loss 1.0504e-01 (2.0464e-01)
Epoch: [12][160/252]	Time  0.670 ( 0.664)	Data  0.005 ( 0.025)	Loss 4.1620e-01 (2.0545e-01)
Epoch: [12][170/252]	Time  0.671 ( 0.664)	Data  0.006 ( 0.024)	Loss 2.6658e-01 (2.0603e-01)
Epoch: [12][180/252]	Time  0.672 ( 0.665)	Data  0.006 ( 0.024)	Loss 2.8304e-01 (2.0591e-01)
Epoch: [12][190/252]	Time  0.668 ( 0.665)	Data  0.006 ( 0.024)	Loss 1.7256e-01 (2.0431e-01)
Epoch: [12][200/252]	Time  0.674 ( 0.665)	Data  0.005 ( 0.024)	Loss 1.6637e-01 (2.0411e-01)
Epoch: [12][210/252]	Time  0.668 ( 0.666)	Data  0.006 ( 0.024)	Loss 3.7415e-01 (2.0683e-01)
Epoch: [12][220/252]	Time  0.672 ( 0.666)	Data  0.005 ( 0.024)	Loss 7.2804e-02 (2.0665e-01)
Epoch: [12][230/252]	Time  0.672 ( 0.666)	Data  0.006 ( 0.024)	Loss 3.3137e-01 (2.0690e-01)
Epoch: [12][240/252]	Time  0.674 ( 0.666)	Data  0.005 ( 0.023)	Loss 1.6612e-01 (2.0700e-01)
Epoch: [12][250/252]	Time  0.668 ( 0.666)	Data  0.005 ( 0.023)	Loss 9.3790e-02 (2.0631e-01)
Test: [10/50]	Time  0.224 ( 0.347)	Loss 3.05e-01 (9.34e-01)
Test: [20/50]	Time  0.226 ( 0.266)	Loss 1.70e-01 (6.18e-01)
Test: [30/50]	Time  0.228 ( 0.254)	Loss 2.39e+00 (6.35e-01)
Test: [40/50]	Time  0.229 ( 0.247)	Loss 4.06e-01 (8.01e-01)
Test: [50/50]	Time  0.173 ( 0.242)	Loss 3.92e-01 (8.64e-01)
Averege over whole validation set:
IOU-car: 0.589, Precision-car: 0.603, Recall-car: 0.964
IOU-ped: 0.0194, Precision-ped: 0.0246, Recall-ped: 0.0846
IOU-cyc: 0.0453, Precision-cyc: 0.311, Recall-cyc: 0.0504
Epoch: [13][ 10/252]	Time  0.676 ( 0.584)	Data  0.004 ( 0.082)	Loss 1.9582e-01 (1.9243e-01)
Epoch: [13][ 20/252]	Time  0.674 ( 0.627)	Data  0.006 ( 0.052)	Loss 1.3183e-01 (1.9151e-01)
Epoch: [13][ 30/252]	Time  0.674 ( 0.643)	Data  0.006 ( 0.042)	Loss 2.9649e-01 (1.9382e-01)
Epoch: [13][ 40/252]	Time  0.676 ( 0.649)	Data  0.006 ( 0.037)	Loss 1.4285e-01 (1.9107e-01)
Epoch: [13][ 50/252]	Time  0.673 ( 0.654)	Data  0.006 ( 0.034)	Loss 1.8126e-01 (1.9597e-01)
Epoch: [13][ 60/252]	Time  0.672 ( 0.657)	Data  0.005 ( 0.032)	Loss 1.2544e-01 (1.9329e-01)
Epoch: [13][ 70/252]	Time  0.671 ( 0.659)	Data  0.005 ( 0.030)	Loss 1.1495e-01 (1.9172e-01)
Epoch: [13][ 80/252]	Time  0.678 ( 0.660)	Data  0.006 ( 0.029)	Loss 1.8646e-01 (1.9120e-01)
Epoch: [13][ 90/252]	Time  0.674 ( 0.661)	Data  0.006 ( 0.029)	Loss 1.3287e-01 (1.9341e-01)
Epoch: [13][100/252]	Time  0.673 ( 0.662)	Data  0.006 ( 0.028)	Loss 1.9849e-01 (1.9330e-01)
Epoch: [13][110/252]	Time  0.673 ( 0.663)	Data  0.005 ( 0.027)	Loss 2.6656e-01 (1.9690e-01)
Epoch: [13][120/252]	Time  0.673 ( 0.664)	Data  0.006 ( 0.027)	Loss 3.8739e-01 (2.0027e-01)
Epoch: [13][130/252]	Time  0.674 ( 0.664)	Data  0.006 ( 0.027)	Loss 1.9613e-01 (2.0190e-01)
Epoch: [13][140/252]	Time  0.673 ( 0.665)	Data  0.005 ( 0.026)	Loss 1.0006e-01 (2.0237e-01)
Epoch: [13][150/252]	Time  0.673 ( 0.665)	Data  0.006 ( 0.026)	Loss 2.0943e-01 (2.0225e-01)
Epoch: [13][160/252]	Time  0.674 ( 0.666)	Data  0.006 ( 0.026)	Loss 1.6720e-01 (2.0161e-01)
Epoch: [13][170/252]	Time  0.671 ( 0.666)	Data  0.005 ( 0.026)	Loss 1.7524e-01 (2.0193e-01)
Epoch: [13][180/252]	Time  0.674 ( 0.666)	Data  0.006 ( 0.025)	Loss 3.0697e-01 (2.0314e-01)
Epoch: [13][190/252]	Time  0.674 ( 0.666)	Data  0.005 ( 0.025)	Loss 2.0364e-01 (2.0396e-01)
Epoch: [13][200/252]	Time  0.675 ( 0.667)	Data  0.006 ( 0.025)	Loss 2.0111e-01 (2.0359e-01)
Epoch: [13][210/252]	Time  0.674 ( 0.667)	Data  0.005 ( 0.025)	Loss 1.9305e-01 (2.0581e-01)
Epoch: [13][220/252]	Time  0.673 ( 0.667)	Data  0.005 ( 0.025)	Loss 2.6330e-01 (2.0576e-01)
Epoch: [13][230/252]	Time  0.673 ( 0.667)	Data  0.006 ( 0.025)	Loss 1.0161e-01 (2.0614e-01)
Epoch: [13][240/252]	Time  0.674 ( 0.667)	Data  0.005 ( 0.025)	Loss 1.9453e-01 (2.0654e-01)
Epoch: [13][250/252]	Time  0.673 ( 0.668)	Data  0.005 ( 0.024)	Loss 2.6092e-01 (2.0642e-01)
Test: [10/50]	Time  0.213 ( 0.348)	Loss 3.03e-01 (9.13e-01)
Test: [20/50]	Time  0.225 ( 0.264)	Loss 1.71e-01 (6.07e-01)
Test: [30/50]	Time  0.227 ( 0.252)	Loss 2.39e+00 (6.26e-01)
Test: [40/50]	Time  0.228 ( 0.245)	Loss 4.03e-01 (7.90e-01)
Test: [50/50]	Time  0.173 ( 0.241)	Loss 3.94e-01 (8.31e-01)
Averege over whole validation set:
IOU-car: 0.589, Precision-car: 0.603, Recall-car: 0.964
IOU-ped: 0.0177, Precision-ped: 0.0218, Recall-ped: 0.0852
IOU-cyc: 0.0739, Precision-cyc: 0.395, Recall-cyc: 0.0833
Epoch: [14][ 10/252]	Time  0.671 ( 0.596)	Data  0.006 ( 0.075)	Loss 1.2919e-01 (2.1164e-01)
Epoch: [14][ 20/252]	Time  0.669 ( 0.635)	Data  0.004 ( 0.049)	Loss 1.5496e-01 (2.0684e-01)
Epoch: [14][ 30/252]	Time  0.668 ( 0.647)	Data  0.007 ( 0.040)	Loss 1.3670e-01 (2.0784e-01)
Epoch: [14][ 40/252]	Time  0.671 ( 0.653)	Data  0.006 ( 0.035)	Loss 2.5694e-01 (2.1637e-01)
Epoch: [14][ 50/252]	Time  0.673 ( 0.657)	Data  0.006 ( 0.033)	Loss 2.6633e-01 (2.0803e-01)
Epoch: [14][ 60/252]	Time  0.675 ( 0.661)	Data  0.006 ( 0.031)	Loss 1.6113e-01 (2.0150e-01)
Epoch: [14][ 70/252]	Time  0.674 ( 0.663)	Data  0.006 ( 0.030)	Loss 1.6209e-01 (2.0193e-01)
Epoch: [14][ 80/252]	Time  0.672 ( 0.664)	Data  0.006 ( 0.028)	Loss 1.6496e-01 (1.9934e-01)
Epoch: [14][ 90/252]	Time  0.674 ( 0.665)	Data  0.006 ( 0.028)	Loss 4.5128e-01 (2.0523e-01)
Epoch: [14][100/252]	Time  0.673 ( 0.665)	Data  0.006 ( 0.027)	Loss 2.1042e-01 (2.0526e-01)
Epoch: [14][110/252]	Time  0.673 ( 0.666)	Data  0.006 ( 0.026)	Loss 3.1988e-01 (2.0788e-01)
Epoch: [14][120/252]	Time  0.674 ( 0.666)	Data  0.005 ( 0.026)	Loss 2.3554e-01 (2.1056e-01)
Epoch: [14][130/252]	Time  0.674 ( 0.667)	Data  0.006 ( 0.026)	Loss 1.4327e-01 (2.0949e-01)
Epoch: [14][140/252]	Time  0.669 ( 0.667)	Data  0.006 ( 0.025)	Loss 1.9764e-01 (2.0826e-01)
Epoch: [14][150/252]	Time  0.671 ( 0.668)	Data  0.005 ( 0.025)	Loss 2.8071e-01 (2.0915e-01)
Epoch: [14][160/252]	Time  0.671 ( 0.668)	Data  0.006 ( 0.025)	Loss 3.1381e-01 (2.0971e-01)
Epoch: [14][170/252]	Time  0.669 ( 0.668)	Data  0.006 ( 0.025)	Loss 1.8593e-01 (2.1122e-01)
Epoch: [14][180/252]	Time  0.668 ( 0.668)	Data  0.006 ( 0.024)	Loss 2.2228e-01 (2.0951e-01)
Epoch: [14][190/252]	Time  0.670 ( 0.669)	Data  0.006 ( 0.024)	Loss 2.2504e-01 (2.0818e-01)
Epoch: [14][200/252]	Time  0.669 ( 0.669)	Data  0.005 ( 0.024)	Loss 1.4582e-01 (2.0683e-01)
Epoch: [14][210/252]	Time  0.670 ( 0.669)	Data  0.006 ( 0.024)	Loss 1.1111e-01 (2.0648e-01)
Epoch: [14][220/252]	Time  0.677 ( 0.669)	Data  0.005 ( 0.024)	Loss 2.8522e-01 (2.0826e-01)
Epoch: [14][230/252]	Time  0.673 ( 0.669)	Data  0.006 ( 0.024)	Loss 2.3593e-01 (2.0717e-01)
Epoch: [14][240/252]	Time  0.677 ( 0.669)	Data  0.006 ( 0.024)	Loss 2.4786e-01 (2.0569e-01)
Epoch: [14][250/252]	Time  0.673 ( 0.670)	Data  0.005 ( 0.024)	Loss 2.0884e-01 (2.0507e-01)
Test: [10/50]	Time  0.121 ( 0.285)	Loss 3.05e-01 (9.31e-01)
Test: [20/50]	Time  0.226 ( 0.247)	Loss 1.67e-01 (6.17e-01)
Test: [30/50]	Time  0.232 ( 0.241)	Loss 2.39e+00 (6.34e-01)
Test: [40/50]	Time  0.230 ( 0.237)	Loss 4.04e-01 (8.03e-01)
Test: [50/50]	Time  0.173 ( 0.235)	Loss 3.82e-01 (8.29e-01)
Averege over whole validation set:
IOU-car: 0.6, Precision-car: 0.614, Recall-car: 0.963
IOU-ped: 0.0166, Precision-ped: 0.0203, Recall-ped: 0.0829
IOU-cyc: 0.094, Precision-cyc: 0.444, Recall-cyc: 0.107
Epoch: [15][ 10/252]	Time  0.674 ( 0.618)	Data  0.006 ( 0.078)	Loss 1.0383e-01 (1.8914e-01)
Epoch: [15][ 20/252]	Time  0.673 ( 0.645)	Data  0.006 ( 0.050)	Loss 2.2491e-01 (2.0928e-01)
Epoch: [15][ 30/252]	Time  0.672 ( 0.654)	Data  0.006 ( 0.041)	Loss 1.8804e-01 (2.0849e-01)
Epoch: [15][ 40/252]	Time  0.672 ( 0.658)	Data  0.006 ( 0.036)	Loss 8.7898e-02 (2.0159e-01)
Epoch: [15][ 50/252]	Time  0.671 ( 0.660)	Data  0.005 ( 0.033)	Loss 1.7593e-01 (2.0508e-01)
Epoch: [15][ 60/252]	Time  0.672 ( 0.662)	Data  0.006 ( 0.031)	Loss 3.0097e-01 (2.1024e-01)
Epoch: [15][ 70/252]	Time  0.670 ( 0.663)	Data  0.005 ( 0.030)	Loss 1.9551e-01 (2.1107e-01)
Epoch: [15][ 80/252]	Time  0.673 ( 0.664)	Data  0.005 ( 0.029)	Loss 2.0344e-01 (2.1084e-01)
Epoch: [15][ 90/252]	Time  0.673 ( 0.665)	Data  0.005 ( 0.028)	Loss 1.0177e-01 (2.0624e-01)
Epoch: [15][100/252]	Time  0.677 ( 0.666)	Data  0.005 ( 0.028)	Loss 1.7546e-01 (2.0336e-01)
Epoch: [15][110/252]	Time  0.670 ( 0.666)	Data  0.006 ( 0.027)	Loss 2.1778e-01 (2.0214e-01)
Epoch: [15][120/252]	Time  0.673 ( 0.666)	Data  0.005 ( 0.027)	Loss 1.8293e-01 (2.0593e-01)
Epoch: [15][130/252]	Time  0.671 ( 0.667)	Data  0.005 ( 0.026)	Loss 1.6936e-01 (2.0564e-01)
Epoch: [15][140/252]	Time  0.677 ( 0.667)	Data  0.006 ( 0.026)	Loss 1.4190e-01 (2.0549e-01)
Epoch: [15][150/252]	Time  0.679 ( 0.667)	Data  0.006 ( 0.026)	Loss 1.1539e-01 (2.0323e-01)
Epoch: [15][160/252]	Time  0.674 ( 0.668)	Data  0.006 ( 0.025)	Loss 9.9064e-02 (2.0250e-01)
Epoch: [15][170/252]	Time  0.670 ( 0.668)	Data  0.005 ( 0.025)	Loss 2.2001e-01 (2.0340e-01)
Epoch: [15][180/252]	Time  0.673 ( 0.668)	Data  0.005 ( 0.025)	Loss 1.6588e-01 (2.0191e-01)
Epoch: [15][190/252]	Time  0.671 ( 0.668)	Data  0.006 ( 0.025)	Loss 1.7278e-01 (2.0237e-01)
Epoch: [15][200/252]	Time  0.674 ( 0.668)	Data  0.006 ( 0.025)	Loss 1.8360e-01 (2.0400e-01)
Epoch: [15][210/252]	Time  0.671 ( 0.668)	Data  0.005 ( 0.025)	Loss 1.9481e-01 (2.0412e-01)
Epoch: [15][220/252]	Time  0.673 ( 0.668)	Data  0.006 ( 0.025)	Loss 1.2919e-01 (2.0461e-01)
Epoch: [15][230/252]	Time  0.674 ( 0.669)	Data  0.006 ( 0.024)	Loss 1.5072e-01 (2.0381e-01)
Epoch: [15][240/252]	Time  0.674 ( 0.669)	Data  0.005 ( 0.024)	Loss 2.1836e-01 (2.0421e-01)
Epoch: [15][250/252]	Time  0.673 ( 0.669)	Data  0.005 ( 0.024)	Loss 2.5295e-01 (2.0408e-01)
Test: [10/50]	Time  0.239 ( 0.260)	Loss 3.01e-01 (8.83e-01)
Test: [20/50]	Time  0.225 ( 0.243)	Loss 1.69e-01 (5.89e-01)
Test: [30/50]	Time  0.229 ( 0.238)	Loss 2.39e+00 (6.17e-01)
Test: [40/50]	Time  0.231 ( 0.236)	Loss 4.03e-01 (7.87e-01)
Test: [50/50]	Time  0.175 ( 0.234)	Loss 3.91e-01 (8.56e-01)
Averege over whole validation set:
IOU-car: 0.592, Precision-car: 0.605, Recall-car: 0.963
IOU-ped: 0.0184, Precision-ped: 0.0228, Recall-ped: 0.0874
IOU-cyc: 0.071, Precision-cyc: 0.344, Recall-cyc: 0.0821
Epoch: [16][ 10/252]	Time  0.674 ( 0.656)	Data  0.004 ( 0.087)	Loss 1.5005e-01 (1.8850e-01)
Epoch: [16][ 20/252]	Time  0.671 ( 0.664)	Data  0.003 ( 0.054)	Loss 3.1806e-01 (1.9774e-01)
Epoch: [16][ 30/252]	Time  0.671 ( 0.666)	Data  0.006 ( 0.043)	Loss 3.0924e-01 (2.0914e-01)
Epoch: [16][ 40/252]	Time  0.671 ( 0.668)	Data  0.006 ( 0.038)	Loss 2.9918e-01 (2.1968e-01)
Epoch: [16][ 50/252]	Time  0.669 ( 0.669)	Data  0.006 ( 0.035)	Loss 2.1239e-01 (2.1173e-01)
Epoch: [16][ 60/252]	Time  0.670 ( 0.669)	Data  0.005 ( 0.033)	Loss 1.6628e-01 (2.0589e-01)
Epoch: [16][ 70/252]	Time  0.669 ( 0.670)	Data  0.006 ( 0.031)	Loss 1.7302e-01 (2.0627e-01)
Epoch: [16][ 80/252]	Time  0.670 ( 0.670)	Data  0.006 ( 0.030)	Loss 3.1989e-01 (2.0825e-01)
Epoch: [16][ 90/252]	Time  0.674 ( 0.670)	Data  0.005 ( 0.029)	Loss 1.6461e-01 (2.0631e-01)
Epoch: [16][100/252]	Time  0.666 ( 0.670)	Data  0.006 ( 0.028)	Loss 1.2716e-01 (2.0734e-01)
Epoch: [16][110/252]	Time  0.671 ( 0.670)	Data  0.010 ( 0.028)	Loss 1.9343e-01 (2.0534e-01)
Epoch: [16][120/252]	Time  0.671 ( 0.671)	Data  0.006 ( 0.027)	Loss 1.7149e-01 (2.0453e-01)
Epoch: [16][130/252]	Time  0.668 ( 0.671)	Data  0.006 ( 0.027)	Loss 1.9979e-01 (2.0314e-01)
Epoch: [16][140/252]	Time  0.671 ( 0.671)	Data  0.005 ( 0.027)	Loss 1.5872e-01 (2.0614e-01)
Epoch: [16][150/252]	Time  0.676 ( 0.671)	Data  0.006 ( 0.026)	Loss 1.3650e-01 (2.0594e-01)
Epoch: [16][160/252]	Time  0.672 ( 0.671)	Data  0.005 ( 0.026)	Loss 1.1196e-01 (2.0547e-01)
Epoch: [16][170/252]	Time  0.671 ( 0.671)	Data  0.006 ( 0.026)	Loss 2.2354e-01 (2.0579e-01)
Epoch: [16][180/252]	Time  0.671 ( 0.671)	Data  0.006 ( 0.026)	Loss 1.4699e-01 (2.0480e-01)
Epoch: [16][190/252]	Time  0.671 ( 0.671)	Data  0.006 ( 0.025)	Loss 2.2189e-01 (2.0465e-01)
Epoch: [16][200/252]	Time  0.671 ( 0.671)	Data  0.005 ( 0.025)	Loss 1.5556e-01 (2.0494e-01)
Epoch: [16][210/252]	Time  0.675 ( 0.671)	Data  0.006 ( 0.025)	Loss 1.4090e-01 (2.0480e-01)
Epoch: [16][220/252]	Time  0.670 ( 0.671)	Data  0.005 ( 0.025)	Loss 1.1569e-01 (2.0397e-01)
Epoch: [16][230/252]	Time  0.672 ( 0.671)	Data  0.005 ( 0.025)	Loss 1.1924e-01 (2.0297e-01)
Epoch: [16][240/252]	Time  0.669 ( 0.671)	Data  0.005 ( 0.025)	Loss 2.0641e-01 (2.0310e-01)
Epoch: [16][250/252]	Time  0.673 ( 0.671)	Data  0.006 ( 0.025)	Loss 3.4405e-01 (2.0305e-01)
Test: [10/50]	Time  0.229 ( 0.247)	Loss 3.07e-01 (9.15e-01)
Test: [20/50]	Time  0.226 ( 0.237)	Loss 1.70e-01 (6.08e-01)
Test: [30/50]	Time  0.230 ( 0.233)	Loss 2.39e+00 (6.30e-01)
Test: [40/50]	Time  0.232 ( 0.233)	Loss 4.08e-01 (8.03e-01)
Test: [50/50]	Time  0.174 ( 0.231)	Loss 3.84e-01 (8.55e-01)
Averege over whole validation set:
IOU-car: 0.602, Precision-car: 0.616, Recall-car: 0.964
IOU-ped: 0.0172, Precision-ped: 0.0217, Recall-ped: 0.0766
IOU-cyc: 0.0718, Precision-cyc: 0.375, Recall-cyc: 0.0815
Epoch: [17][ 10/252]	Time  0.674 ( 0.649)	Data  0.003 ( 0.078)	Loss 2.0269e-01 (1.8591e-01)
Epoch: [17][ 20/252]	Time  0.672 ( 0.660)	Data  0.003 ( 0.050)	Loss 1.1566e-01 (2.0150e-01)
Epoch: [17][ 30/252]	Time  0.673 ( 0.664)	Data  0.005 ( 0.040)	Loss 1.2094e-01 (2.0307e-01)
Epoch: [17][ 40/252]	Time  0.672 ( 0.666)	Data  0.006 ( 0.035)	Loss 2.4651e-01 (2.1193e-01)
Epoch: [17][ 50/252]	Time  0.674 ( 0.667)	Data  0.006 ( 0.033)	Loss 1.1006e-01 (2.1097e-01)
Epoch: [17][ 60/252]	Time  0.669 ( 0.668)	Data  0.005 ( 0.031)	Loss 1.5485e-01 (2.0657e-01)
Epoch: [17][ 70/252]	Time  0.671 ( 0.669)	Data  0.005 ( 0.029)	Loss 2.4628e-01 (2.0819e-01)
Epoch: [17][ 80/252]	Time  0.671 ( 0.669)	Data  0.006 ( 0.028)	Loss 3.7926e-01 (2.1064e-01)
Epoch: [17][ 90/252]	Time  0.671 ( 0.669)	Data  0.005 ( 0.028)	Loss 2.4961e-01 (2.1036e-01)
Epoch: [17][100/252]	Time  0.671 ( 0.670)	Data  0.005 ( 0.027)	Loss 4.1408e-01 (2.1144e-01)
Epoch: [17][110/252]	Time  0.671 ( 0.670)	Data  0.005 ( 0.026)	Loss 2.6638e-01 (2.1131e-01)
Epoch: [17][120/252]	Time  0.671 ( 0.670)	Data  0.006 ( 0.026)	Loss 2.3583e-01 (2.0942e-01)
Epoch: [17][130/252]	Time  0.667 ( 0.670)	Data  0.005 ( 0.026)	Loss 2.6882e-01 (2.0676e-01)
Epoch: [17][140/252]	Time  0.668 ( 0.670)	Data  0.005 ( 0.025)	Loss 1.6804e-01 (2.0704e-01)
Epoch: [17][150/252]	Time  0.674 ( 0.670)	Data  0.005 ( 0.025)	Loss 1.9896e-01 (2.0683e-01)
Epoch: [17][160/252]	Time  0.675 ( 0.670)	Data  0.005 ( 0.025)	Loss 2.5973e-01 (2.0711e-01)
Epoch: [17][170/252]	Time  0.671 ( 0.670)	Data  0.005 ( 0.025)	Loss 2.0477e-01 (2.0603e-01)
Epoch: [17][180/252]	Time  0.676 ( 0.671)	Data  0.006 ( 0.024)	Loss 1.4827e-01 (2.0631e-01)
Epoch: [17][190/252]	Time  0.669 ( 0.671)	Data  0.005 ( 0.024)	Loss 3.2544e-01 (2.0605e-01)
Epoch: [17][200/252]	Time  0.675 ( 0.671)	Data  0.006 ( 0.024)	Loss 1.9520e-01 (2.0306e-01)
Epoch: [17][210/252]	Time  0.675 ( 0.671)	Data  0.006 ( 0.024)	Loss 4.0528e-01 (2.0462e-01)
Epoch: [17][220/252]	Time  0.673 ( 0.671)	Data  0.006 ( 0.024)	Loss 2.9762e-01 (2.0484e-01)
Epoch: [17][230/252]	Time  0.671 ( 0.671)	Data  0.005 ( 0.024)	Loss 2.0028e-01 (2.0452e-01)
Epoch: [17][240/252]	Time  0.672 ( 0.671)	Data  0.005 ( 0.024)	Loss 1.1443e-01 (2.0396e-01)
Epoch: [17][250/252]	Time  0.674 ( 0.671)	Data  0.005 ( 0.024)	Loss 2.7747e-01 (2.0234e-01)
Test: [10/50]	Time  0.232 ( 0.224)	Loss 3.06e-01 (9.01e-01)
Test: [20/50]	Time  0.227 ( 0.225)	Loss 1.71e-01 (6.00e-01)
Test: [30/50]	Time  0.226 ( 0.226)	Loss 2.38e+00 (6.30e-01)
Test: [40/50]	Time  0.230 ( 0.227)	Loss 4.06e-01 (7.96e-01)
Test: [50/50]	Time  0.174 ( 0.226)	Loss 3.76e-01 (8.49e-01)
Averege over whole validation set:
IOU-car: 0.586, Precision-car: 0.598, Recall-car: 0.966
IOU-ped: 0.0154, Precision-ped: 0.0188, Recall-ped: 0.0786
IOU-cyc: 0.0866, Precision-cyc: 0.348, Recall-cyc: 0.103
Epoch: [18][ 10/252]	Time  0.667 ( 0.664)	Data  0.004 ( 0.090)	Loss 1.9069e-01 (2.3216e-01)
Epoch: [18][ 20/252]	Time  0.669 ( 0.667)	Data  0.003 ( 0.056)	Loss 2.2294e-01 (1.9919e-01)
Epoch: [18][ 30/252]	Time  0.673 ( 0.668)	Data  0.006 ( 0.044)	Loss 7.9158e-02 (2.0753e-01)
Epoch: [18][ 40/252]	Time  0.669 ( 0.669)	Data  0.005 ( 0.038)	Loss 2.1684e-01 (2.0601e-01)
Epoch: [18][ 50/252]	Time  0.671 ( 0.669)	Data  0.006 ( 0.035)	Loss 2.2140e-01 (2.0734e-01)
Epoch: [18][ 60/252]	Time  0.671 ( 0.670)	Data  0.006 ( 0.033)	Loss 3.2061e-01 (2.1084e-01)
Epoch: [18][ 70/252]	Time  0.668 ( 0.670)	Data  0.008 ( 0.031)	Loss 1.6847e-01 (2.1186e-01)
Epoch: [18][ 80/252]	Time  0.671 ( 0.670)	Data  0.005 ( 0.030)	Loss 1.4670e-01 (2.0798e-01)
Epoch: [18][ 90/252]	Time  0.671 ( 0.670)	Data  0.005 ( 0.029)	Loss 2.5664e-01 (2.0541e-01)
Epoch: [18][100/252]	Time  0.669 ( 0.670)	Data  0.006 ( 0.028)	Loss 1.9013e-01 (2.0493e-01)
Epoch: [18][110/252]	Time  0.671 ( 0.671)	Data  0.005 ( 0.028)	Loss 1.0471e-01 (2.0309e-01)
Epoch: [18][120/252]	Time  0.669 ( 0.671)	Data  0.006 ( 0.027)	Loss 2.1493e-01 (2.0429e-01)
Epoch: [18][130/252]	Time  0.670 ( 0.671)	Data  0.005 ( 0.027)	Loss 2.2490e-01 (2.0589e-01)
Epoch: [18][140/252]	Time  0.668 ( 0.671)	Data  0.005 ( 0.026)	Loss 2.0930e-01 (2.0471e-01)
Epoch: [18][150/252]	Time  0.669 ( 0.671)	Data  0.009 ( 0.026)	Loss 2.6554e-01 (2.0476e-01)
Epoch: [18][160/252]	Time  0.668 ( 0.671)	Data  0.005 ( 0.026)	Loss 2.7999e-01 (2.0616e-01)
Epoch: [18][170/252]	Time  0.671 ( 0.671)	Data  0.006 ( 0.026)	Loss 3.2165e-01 (2.0494e-01)
Epoch: [18][180/252]	Time  0.672 ( 0.671)	Data  0.005 ( 0.025)	Loss 1.0472e-01 (2.0205e-01)
Epoch: [18][190/252]	Time  0.673 ( 0.671)	Data  0.006 ( 0.025)	Loss 1.5153e-01 (2.0203e-01)
Epoch: [18][200/252]	Time  0.671 ( 0.671)	Data  0.006 ( 0.025)	Loss 2.4013e-01 (2.0226e-01)
Epoch: [18][210/252]	Time  0.670 ( 0.671)	Data  0.006 ( 0.025)	Loss 1.0308e-01 (2.0140e-01)
Epoch: [18][220/252]	Time  0.670 ( 0.671)	Data  0.006 ( 0.025)	Loss 2.2797e-01 (2.0161e-01)
Epoch: [18][230/252]	Time  0.674 ( 0.671)	Data  0.005 ( 0.024)	Loss 4.2156e-01 (2.0298e-01)
Epoch: [18][240/252]	Time  0.675 ( 0.671)	Data  0.006 ( 0.024)	Loss 9.9212e-02 (2.0241e-01)
Epoch: [18][250/252]	Time  0.669 ( 0.671)	Data  0.006 ( 0.024)	Loss 1.5257e-01 (2.0209e-01)
Test: [10/50]	Time  0.225 ( 0.236)	Loss 3.07e-01 (8.74e-01)
Test: [20/50]	Time  0.222 ( 0.231)	Loss 1.71e-01 (5.88e-01)
Test: [30/50]	Time  0.228 ( 0.230)	Loss 2.39e+00 (6.15e-01)
Test: [40/50]	Time  0.230 ( 0.230)	Loss 4.03e-01 (7.83e-01)
Test: [50/50]	Time  0.174 ( 0.229)	Loss 3.97e-01 (8.14e-01)
Averege over whole validation set:
IOU-car: 0.607, Precision-car: 0.622, Recall-car: 0.962
IOU-ped: 0.0191, Precision-ped: 0.0234, Recall-ped: 0.093
IOU-cyc: 0.14, Precision-cyc: 0.407, Recall-cyc: 0.176
Epoch: [19][ 10/252]	Time  0.672 ( 0.651)	Data  0.010 ( 0.073)	Loss 2.3387e-01 (2.3714e-01)
Epoch: [19][ 20/252]	Time  0.673 ( 0.662)	Data  0.004 ( 0.047)	Loss 1.9190e-01 (2.0681e-01)
Epoch: [19][ 30/252]	Time  0.676 ( 0.667)	Data  0.006 ( 0.039)	Loss 1.3514e-01 (2.0926e-01)
Epoch: [19][ 40/252]	Time  0.673 ( 0.668)	Data  0.005 ( 0.034)	Loss 2.8829e-01 (2.0093e-01)
Epoch: [19][ 50/252]	Time  0.673 ( 0.669)	Data  0.005 ( 0.032)	Loss 2.3346e-01 (2.0159e-01)
Epoch: [19][ 60/252]	Time  0.673 ( 0.669)	Data  0.005 ( 0.030)	Loss 1.8516e-01 (1.9990e-01)
Epoch: [19][ 70/252]	Time  0.670 ( 0.669)	Data  0.005 ( 0.029)	Loss 9.3674e-02 (1.9606e-01)
Epoch: [19][ 80/252]	Time  0.670 ( 0.669)	Data  0.005 ( 0.028)	Loss 3.2931e-01 (1.9806e-01)
Epoch: [19][ 90/252]	Time  0.673 ( 0.670)	Data  0.005 ( 0.027)	Loss 1.2472e-01 (1.9455e-01)
Epoch: [19][100/252]	Time  0.676 ( 0.670)	Data  0.006 ( 0.027)	Loss 1.7637e-01 (1.9659e-01)
Epoch: [19][110/252]	Time  0.675 ( 0.670)	Data  0.006 ( 0.026)	Loss 3.6841e-01 (1.9934e-01)
Epoch: [19][120/252]	Time  0.669 ( 0.670)	Data  0.006 ( 0.026)	Loss 1.9730e-01 (1.9801e-01)
Epoch: [19][130/252]	Time  0.670 ( 0.670)	Data  0.006 ( 0.026)	Loss 1.9455e-01 (1.9790e-01)
Epoch: [19][140/252]	Time  0.670 ( 0.670)	Data  0.006 ( 0.026)	Loss 2.7742e-01 (1.9994e-01)
Epoch: [19][150/252]	Time  0.668 ( 0.670)	Data  0.006 ( 0.025)	Loss 2.0336e-01 (2.0048e-01)
Epoch: [19][160/252]	Time  0.675 ( 0.670)	Data  0.005 ( 0.025)	Loss 1.8297e-01 (2.0058e-01)
Epoch: [19][170/252]	Time  0.670 ( 0.670)	Data  0.006 ( 0.025)	Loss 1.7509e-01 (1.9745e-01)
Epoch: [19][180/252]	Time  0.670 ( 0.670)	Data  0.005 ( 0.025)	Loss 4.2258e-01 (1.9802e-01)
Epoch: [19][190/252]	Time  0.674 ( 0.670)	Data  0.005 ( 0.025)	Loss 1.1794e-01 (1.9807e-01)
Epoch: [19][200/252]	Time  0.668 ( 0.670)	Data  0.006 ( 0.024)	Loss 3.4053e-01 (1.9860e-01)
Epoch: [19][210/252]	Time  0.673 ( 0.670)	Data  0.006 ( 0.024)	Loss 1.5296e-01 (1.9918e-01)
Epoch: [19][220/252]	Time  0.671 ( 0.670)	Data  0.005 ( 0.024)	Loss 2.0003e-01 (2.0013e-01)
Epoch: [19][230/252]	Time  0.670 ( 0.671)	Data  0.006 ( 0.024)	Loss 2.5070e-01 (2.0007e-01)
Epoch: [19][240/252]	Time  0.673 ( 0.671)	Data  0.005 ( 0.024)	Loss 1.7920e-01 (2.0120e-01)
Epoch: [19][250/252]	Time  0.674 ( 0.671)	Data  0.005 ( 0.024)	Loss 1.1209e-01 (2.0075e-01)
Test: [10/50]	Time  0.234 ( 0.233)	Loss 3.13e-01 (9.36e-01)
Test: [20/50]	Time  0.224 ( 0.230)	Loss 1.73e-01 (6.21e-01)
Test: [30/50]	Time  0.225 ( 0.229)	Loss 2.40e+00 (6.39e-01)
Test: [40/50]	Time  0.230 ( 0.229)	Loss 4.10e-01 (8.15e-01)
Test: [50/50]	Time  0.176 ( 0.228)	Loss 3.88e-01 (9.00e-01)
Averege over whole validation set:
IOU-car: 0.6, Precision-car: 0.614, Recall-car: 0.964
IOU-ped: 0.0199, Precision-ped: 0.0261, Recall-ped: 0.077
IOU-cyc: 0.0604, Precision-cyc: 0.294, Recall-cyc: 0.0707
Epoch: [20][ 10/252]	Time  0.672 ( 0.641)	Data  0.004 ( 0.078)	Loss 2.1926e-01 (2.0495e-01)
Epoch: [20][ 20/252]	Time  0.669 ( 0.656)	Data  0.004 ( 0.050)	Loss 1.7276e-01 (2.0014e-01)
Epoch: [20][ 30/252]	Time  0.670 ( 0.662)	Data  0.006 ( 0.041)	Loss 1.9450e-01 (1.9823e-01)
Epoch: [20][ 40/252]	Time  0.671 ( 0.664)	Data  0.006 ( 0.036)	Loss 1.7393e-01 (2.0107e-01)
Epoch: [20][ 50/252]	Time  0.676 ( 0.666)	Data  0.006 ( 0.033)	Loss 2.1324e-01 (2.0219e-01)
Epoch: [20][ 60/252]	Time  0.672 ( 0.667)	Data  0.005 ( 0.031)	Loss 1.8860e-01 (2.0451e-01)
Epoch: [20][ 70/252]	Time  0.670 ( 0.667)	Data  0.005 ( 0.030)	Loss 2.2901e-01 (2.0429e-01)
Epoch: [20][ 80/252]	Time  0.677 ( 0.668)	Data  0.006 ( 0.029)	Loss 2.0417e-01 (2.0369e-01)
Epoch: [20][ 90/252]	Time  0.674 ( 0.668)	Data  0.006 ( 0.028)	Loss 1.4570e-01 (2.0116e-01)
Epoch: [20][100/252]	Time  0.670 ( 0.669)	Data  0.006 ( 0.027)	Loss 1.1754e-01 (2.0057e-01)
Epoch: [20][110/252]	Time  0.671 ( 0.669)	Data  0.006 ( 0.027)	Loss 1.8922e-01 (2.0376e-01)
Epoch: [20][120/252]	Time  0.671 ( 0.669)	Data  0.005 ( 0.026)	Loss 1.9512e-01 (2.0358e-01)
Epoch: [20][130/252]	Time  0.673 ( 0.669)	Data  0.006 ( 0.026)	Loss 3.8806e-01 (2.0710e-01)
Epoch: [20][140/252]	Time  0.672 ( 0.670)	Data  0.006 ( 0.026)	Loss 2.6776e-01 (2.0693e-01)
Epoch: [20][150/252]	Time  0.674 ( 0.670)	Data  0.006 ( 0.025)	Loss 2.6345e-01 (2.0694e-01)
Epoch: [20][160/252]	Time  0.673 ( 0.670)	Data  0.005 ( 0.025)	Loss 2.4079e-01 (2.0647e-01)
Epoch: [20][170/252]	Time  0.672 ( 0.670)	Data  0.006 ( 0.025)	Loss 3.0504e-01 (2.0542e-01)
Epoch: [20][180/252]	Time  0.673 ( 0.670)	Data  0.006 ( 0.025)	Loss 9.1215e-02 (2.0427e-01)
Epoch: [20][190/252]	Time  0.670 ( 0.670)	Data  0.006 ( 0.025)	Loss 1.4640e-01 (2.0484e-01)
Epoch: [20][200/252]	Time  0.672 ( 0.670)	Data  0.006 ( 0.024)	Loss 1.4555e-01 (2.0533e-01)
Epoch: [20][210/252]	Time  0.676 ( 0.670)	Data  0.005 ( 0.024)	Loss 1.3595e-01 (2.0492e-01)
Epoch: [20][220/252]	Time  0.675 ( 0.671)	Data  0.006 ( 0.024)	Loss 1.1910e-01 (2.0477e-01)
Epoch: [20][230/252]	Time  0.673 ( 0.671)	Data  0.006 ( 0.024)	Loss 1.1060e-01 (2.0394e-01)
Epoch: [20][240/252]	Time  0.672 ( 0.671)	Data  0.006 ( 0.024)	Loss 1.3696e-01 (2.0209e-01)
Epoch: [20][250/252]	Time  0.671 ( 0.671)	Data  0.005 ( 0.024)	Loss 2.0591e-01 (2.0196e-01)
Test: [10/50]	Time  0.232 ( 0.236)	Loss 3.08e-01 (8.88e-01)
Test: [20/50]	Time  0.221 ( 0.231)	Loss 1.75e-01 (5.94e-01)
Test: [30/50]	Time  0.225 ( 0.229)	Loss 2.39e+00 (6.24e-01)
Test: [40/50]	Time  0.231 ( 0.230)	Loss 4.02e-01 (7.95e-01)
Test: [50/50]	Time  0.174 ( 0.229)	Loss 3.83e-01 (8.59e-01)
Averege over whole validation set:
IOU-car: 0.596, Precision-car: 0.609, Recall-car: 0.965
IOU-ped: 0.018, Precision-ped: 0.0228, Recall-ped: 0.08
IOU-cyc: 0.107, Precision-cyc: 0.324, Recall-cyc: 0.138
Epoch: [21][ 10/252]	Time  0.672 ( 0.649)	Data  0.004 ( 0.082)	Loss 2.5700e-01 (1.7301e-01)
Epoch: [21][ 20/252]	Time  0.671 ( 0.660)	Data  0.005 ( 0.051)	Loss 1.9045e-01 (1.8407e-01)
Epoch: [21][ 30/252]	Time  0.672 ( 0.664)	Data  0.006 ( 0.042)	Loss 1.6518e-01 (1.9960e-01)
Epoch: [21][ 40/252]	Time  0.673 ( 0.666)	Data  0.006 ( 0.037)	Loss 1.3504e-01 (1.9683e-01)
Epoch: [21][ 50/252]	Time  0.671 ( 0.667)	Data  0.006 ( 0.034)	Loss 1.3900e-01 (1.9730e-01)
Epoch: [21][ 60/252]	Time  0.671 ( 0.668)	Data  0.006 ( 0.032)	Loss 2.4777e-01 (1.9845e-01)
Epoch: [21][ 70/252]	Time  0.671 ( 0.669)	Data  0.006 ( 0.030)	Loss 2.4106e-01 (2.0266e-01)
Epoch: [21][ 80/252]	Time  0.675 ( 0.669)	Data  0.006 ( 0.029)	Loss 1.0881e-01 (2.0181e-01)
Epoch: [21][ 90/252]	Time  0.673 ( 0.669)	Data  0.005 ( 0.028)	Loss 1.7507e-01 (2.0529e-01)
Epoch: [21][100/252]	Time  0.672 ( 0.670)	Data  0.005 ( 0.028)	Loss 1.9905e-01 (2.0344e-01)
Epoch: [21][110/252]	Time  0.670 ( 0.670)	Data  0.006 ( 0.027)	Loss 1.7447e-01 (2.0513e-01)
Epoch: [21][120/252]	Time  0.671 ( 0.670)	Data  0.005 ( 0.027)	Loss 3.4966e-01 (2.0689e-01)
Epoch: [21][130/252]	Time  0.672 ( 0.670)	Data  0.005 ( 0.026)	Loss 1.8301e-01 (2.0571e-01)
Epoch: [21][140/252]	Time  0.667 ( 0.670)	Data  0.006 ( 0.026)	Loss 3.4955e-01 (2.0660e-01)
Epoch: [21][150/252]	Time  0.670 ( 0.670)	Data  0.006 ( 0.026)	Loss 2.5145e-01 (2.0487e-01)
Epoch: [21][160/252]	Time  0.675 ( 0.670)	Data  0.005 ( 0.025)	Loss 1.3949e-01 (2.0458e-01)
Epoch: [21][170/252]	Time  0.670 ( 0.670)	Data  0.006 ( 0.025)	Loss 2.3647e-01 (2.0570e-01)
Epoch: [21][180/252]	Time  0.679 ( 0.671)	Data  0.006 ( 0.025)	Loss 1.7690e-01 (2.0382e-01)
Epoch: [21][190/252]	Time  0.670 ( 0.671)	Data  0.006 ( 0.025)	Loss 1.8645e-01 (2.0421e-01)
Epoch: [21][200/252]	Time  0.673 ( 0.671)	Data  0.005 ( 0.024)	Loss 1.8305e-01 (2.0250e-01)
Epoch: [21][210/252]	Time  0.670 ( 0.671)	Data  0.006 ( 0.024)	Loss 1.8787e-01 (2.0139e-01)
Epoch: [21][220/252]	Time  0.670 ( 0.671)	Data  0.005 ( 0.024)	Loss 1.6136e-01 (2.0137e-01)
Epoch: [21][230/252]	Time  0.672 ( 0.671)	Data  0.006 ( 0.024)	Loss 1.2404e-01 (1.9968e-01)
Epoch: [21][240/252]	Time  0.671 ( 0.671)	Data  0.006 ( 0.024)	Loss 1.8157e-01 (1.9934e-01)
Epoch: [21][250/252]	Time  0.673 ( 0.671)	Data  0.006 ( 0.024)	Loss 2.2029e-01 (2.0046e-01)
Test: [10/50]	Time  0.226 ( 0.234)	Loss 3.14e-01 (9.11e-01)
Test: [20/50]	Time  0.229 ( 0.230)	Loss 1.80e-01 (6.08e-01)
Test: [30/50]	Time  0.226 ( 0.229)	Loss 2.40e+00 (6.35e-01)
Test: [40/50]	Time  0.229 ( 0.229)	Loss 4.07e-01 (8.08e-01)
Test: [50/50]	Time  0.174 ( 0.228)	Loss 3.84e-01 (8.75e-01)
Averege over whole validation set:
IOU-car: 0.594, Precision-car: 0.606, Recall-car: 0.966
IOU-ped: 0.0186, Precision-ped: 0.0237, Recall-ped: 0.0798
IOU-cyc: 0.098, Precision-cyc: 0.333, Recall-cyc: 0.122
Epoch: [22][ 10/252]	Time  0.670 ( 0.680)	Data  0.005 ( 0.087)	Loss 9.8609e-02 (1.9456e-01)
Epoch: [22][ 20/252]	Time  0.675 ( 0.676)	Data  0.003 ( 0.055)	Loss 1.8732e-01 (2.0073e-01)
Epoch: [22][ 30/252]	Time  0.673 ( 0.674)	Data  0.005 ( 0.044)	Loss 2.3458e-01 (1.9320e-01)
Epoch: [22][ 40/252]	Time  0.668 ( 0.673)	Data  0.006 ( 0.039)	Loss 4.3587e-01 (2.0956e-01)
Epoch: [22][ 50/252]	Time  0.674 ( 0.672)	Data  0.007 ( 0.035)	Loss 1.4380e-01 (2.0819e-01)
Epoch: [22][ 60/252]	Time  0.670 ( 0.672)	Data  0.006 ( 0.033)	Loss 1.7845e-01 (2.1222e-01)
Epoch: [22][ 70/252]	Time  0.673 ( 0.672)	Data  0.006 ( 0.032)	Loss 1.6220e-01 (2.0686e-01)
Epoch: [22][ 80/252]	Time  0.671 ( 0.672)	Data  0.005 ( 0.031)	Loss 2.1211e-01 (2.0516e-01)
Epoch: [22][ 90/252]	Time  0.671 ( 0.671)	Data  0.005 ( 0.030)	Loss 2.4628e-01 (2.0458e-01)
Epoch: [22][100/252]	Time  0.677 ( 0.672)	Data  0.005 ( 0.029)	Loss 1.6253e-01 (2.0571e-01)
Epoch: [22][110/252]	Time  0.670 ( 0.671)	Data  0.005 ( 0.028)	Loss 2.0137e-01 (2.0217e-01)
Epoch: [22][120/252]	Time  0.669 ( 0.671)	Data  0.005 ( 0.028)	Loss 2.1420e-01 (2.0216e-01)
Epoch: [22][130/252]	Time  0.670 ( 0.671)	Data  0.005 ( 0.027)	Loss 1.2018e-01 (1.9930e-01)
Epoch: [22][140/252]	Time  0.670 ( 0.671)	Data  0.006 ( 0.027)	Loss 1.2760e-01 (1.9791e-01)
Epoch: [22][150/252]	Time  0.673 ( 0.671)	Data  0.006 ( 0.026)	Loss 2.0679e-01 (1.9617e-01)
Epoch: [22][160/252]	Time  0.671 ( 0.671)	Data  0.006 ( 0.026)	Loss 1.4390e-01 (1.9590e-01)
Epoch: [22][170/252]	Time  0.678 ( 0.671)	Data  0.005 ( 0.026)	Loss 1.9740e-01 (1.9473e-01)
Epoch: [22][180/252]	Time  0.673 ( 0.671)	Data  0.006 ( 0.026)	Loss 1.4477e-01 (1.9626e-01)
Epoch: [22][190/252]	Time  0.673 ( 0.671)	Data  0.005 ( 0.026)	Loss 1.8630e-01 (1.9673e-01)
Epoch: [22][200/252]	Time  0.674 ( 0.671)	Data  0.005 ( 0.025)	Loss 1.3391e-01 (1.9767e-01)
Epoch: [22][210/252]	Time  0.671 ( 0.671)	Data  0.006 ( 0.025)	Loss 2.0041e-01 (1.9899e-01)
Epoch: [22][220/252]	Time  0.674 ( 0.671)	Data  0.005 ( 0.025)	Loss 9.4435e-02 (1.9934e-01)
Epoch: [22][230/252]	Time  0.674 ( 0.671)	Data  0.005 ( 0.025)	Loss 2.0880e-01 (1.9899e-01)
Epoch: [22][240/252]	Time  0.670 ( 0.671)	Data  0.006 ( 0.025)	Loss 1.0769e-01 (1.9837e-01)
Epoch: [22][250/252]	Time  0.669 ( 0.671)	Data  0.006 ( 0.025)	Loss 1.3534e-01 (1.9996e-01)
Test: [10/50]	Time  0.233 ( 0.229)	Loss 3.11e-01 (8.93e-01)
Test: [20/50]	Time  0.225 ( 0.228)	Loss 1.76e-01 (5.98e-01)
Test: [30/50]	Time  0.224 ( 0.227)	Loss 2.40e+00 (6.29e-01)
Test: [40/50]	Time  0.230 ( 0.228)	Loss 4.05e-01 (8.06e-01)
Test: [50/50]	Time  0.174 ( 0.227)	Loss 3.88e-01 (8.80e-01)
Averege over whole validation set:
IOU-car: 0.604, Precision-car: 0.619, Recall-car: 0.963
IOU-ped: 0.0186, Precision-ped: 0.0244, Recall-ped: 0.0728
IOU-cyc: 0.0966, Precision-cyc: 0.341, Recall-cyc: 0.119
Epoch: [23][ 10/252]	Time  0.674 ( 0.625)	Data  0.004 ( 0.069)	Loss 2.4149e-01 (1.8951e-01)
Epoch: [23][ 20/252]	Time  0.671 ( 0.648)	Data  0.004 ( 0.046)	Loss 3.1460e-01 (1.8172e-01)
Epoch: [23][ 30/252]	Time  0.667 ( 0.656)	Data  0.006 ( 0.038)	Loss 2.0487e-01 (1.9752e-01)
Epoch: [23][ 40/252]	Time  0.669 ( 0.660)	Data  0.006 ( 0.034)	Loss 1.4617e-01 (1.9057e-01)
Epoch: [23][ 50/252]	Time  0.671 ( 0.663)	Data  0.005 ( 0.031)	Loss 2.0618e-01 (1.9129e-01)
Epoch: [23][ 60/252]	Time  0.672 ( 0.664)	Data  0.005 ( 0.030)	Loss 2.4960e-01 (1.9184e-01)
Epoch: [23][ 70/252]	Time  0.674 ( 0.665)	Data  0.005 ( 0.029)	Loss 1.8776e-01 (1.9473e-01)
Epoch: [23][ 80/252]	Time  0.672 ( 0.666)	Data  0.006 ( 0.028)	Loss 2.3263e-01 (1.9946e-01)
Epoch: [23][ 90/252]	Time  0.673 ( 0.666)	Data  0.005 ( 0.027)	Loss 1.1675e-01 (1.9596e-01)
Epoch: [23][100/252]	Time  0.671 ( 0.667)	Data  0.006 ( 0.027)	Loss 2.2740e-01 (1.9992e-01)
Epoch: [23][110/252]	Time  0.674 ( 0.667)	Data  0.006 ( 0.026)	Loss 2.5083e-01 (1.9995e-01)
Epoch: [23][120/252]	Time  0.675 ( 0.667)	Data  0.005 ( 0.026)	Loss 2.4705e-01 (1.9941e-01)
Epoch: [23][130/252]	Time  0.674 ( 0.668)	Data  0.006 ( 0.026)	Loss 1.3835e-01 (1.9960e-01)
Epoch: [23][140/252]	Time  0.673 ( 0.668)	Data  0.006 ( 0.025)	Loss 1.4196e-01 (1.9904e-01)
Epoch: [23][150/252]	Time  0.676 ( 0.668)	Data  0.006 ( 0.025)	Loss 2.0568e-01 (1.9930e-01)
Epoch: [23][160/252]	Time  0.671 ( 0.668)	Data  0.005 ( 0.025)	Loss 1.8800e-01 (2.0000e-01)
Epoch: [23][170/252]	Time  0.676 ( 0.668)	Data  0.005 ( 0.025)	Loss 1.9199e-01 (2.0030e-01)
Epoch: [23][180/252]	Time  0.676 ( 0.669)	Data  0.005 ( 0.025)	Loss 2.8974e-01 (2.0289e-01)
Epoch: [23][190/252]	Time  0.675 ( 0.669)	Data  0.006 ( 0.025)	Loss 2.4997e-01 (2.0358e-01)
Epoch: [23][200/252]	Time  0.674 ( 0.669)	Data  0.006 ( 0.024)	Loss 1.2882e-01 (2.0261e-01)
Epoch: [23][210/252]	Time  0.674 ( 0.669)	Data  0.005 ( 0.024)	Loss 1.8833e-01 (2.0240e-01)
Epoch: [23][220/252]	Time  0.674 ( 0.669)	Data  0.005 ( 0.024)	Loss 2.5662e-01 (2.0141e-01)
Epoch: [23][230/252]	Time  0.674 ( 0.669)	Data  0.006 ( 0.024)	Loss 1.4951e-01 (1.9988e-01)
Epoch: [23][240/252]	Time  0.675 ( 0.669)	Data  0.005 ( 0.024)	Loss 2.0871e-01 (1.9955e-01)
Epoch: [23][250/252]	Time  0.671 ( 0.669)	Data  0.006 ( 0.024)	Loss 1.5751e-01 (1.9959e-01)
Test: [10/50]	Time  0.125 ( 0.230)	Loss 3.12e-01 (8.95e-01)
Test: [20/50]	Time  0.228 ( 0.230)	Loss 1.76e-01 (5.99e-01)
Test: [30/50]	Time  0.229 ( 0.229)	Loss 2.40e+00 (6.27e-01)
Test: [40/50]	Time  0.233 ( 0.230)	Loss 4.06e-01 (8.01e-01)
Test: [50/50]	Time  0.176 ( 0.229)	Loss 3.85e-01 (8.59e-01)
Averege over whole validation set:
IOU-car: 0.607, Precision-car: 0.621, Recall-car: 0.963
IOU-ped: 0.0178, Precision-ped: 0.023, Recall-ped: 0.0734
IOU-cyc: 0.119, Precision-cyc: 0.371, Recall-cyc: 0.149
Epoch: [24][ 10/252]	Time  0.672 ( 0.625)	Data  0.004 ( 0.075)	Loss 1.8543e-01 (2.1223e-01)
Epoch: [24][ 20/252]	Time  0.673 ( 0.648)	Data  0.004 ( 0.049)	Loss 2.4062e-01 (1.9674e-01)
Epoch: [24][ 30/252]	Time  0.667 ( 0.656)	Data  0.005 ( 0.039)	Loss 1.0242e-01 (1.9239e-01)
Epoch: [24][ 40/252]	Time  0.667 ( 0.660)	Data  0.006 ( 0.035)	Loss 2.5158e-01 (1.9628e-01)
Epoch: [24][ 50/252]	Time  0.669 ( 0.662)	Data  0.006 ( 0.032)	Loss 1.4348e-01 (1.9971e-01)
Epoch: [24][ 60/252]	Time  0.671 ( 0.664)	Data  0.005 ( 0.031)	Loss 1.3194e-01 (2.0122e-01)
Epoch: [24][ 70/252]	Time  0.671 ( 0.665)	Data  0.006 ( 0.029)	Loss 2.8731e-01 (1.9832e-01)
Epoch: [24][ 80/252]	Time  0.672 ( 0.666)	Data  0.006 ( 0.028)	Loss 1.6941e-01 (1.9607e-01)
Epoch: [24][ 90/252]	Time  0.671 ( 0.667)	Data  0.006 ( 0.027)	Loss 2.2702e-01 (1.9947e-01)
Epoch: [24][100/252]	Time  0.668 ( 0.667)	Data  0.006 ( 0.027)	Loss 1.4357e-01 (1.9684e-01)
Epoch: [24][110/252]	Time  0.670 ( 0.668)	Data  0.006 ( 0.027)	Loss 3.5495e-01 (1.9973e-01)
Epoch: [24][120/252]	Time  0.668 ( 0.668)	Data  0.005 ( 0.026)	Loss 1.9062e-01 (1.9923e-01)
Epoch: [24][130/252]	Time  0.670 ( 0.668)	Data  0.005 ( 0.026)	Loss 1.3946e-01 (1.9817e-01)
Epoch: [24][140/252]	Time  0.669 ( 0.669)	Data  0.006 ( 0.026)	Loss 2.1557e-01 (2.0156e-01)
Epoch: [24][150/252]	Time  0.670 ( 0.669)	Data  0.006 ( 0.025)	Loss 1.7238e-01 (2.0118e-01)
Epoch: [24][160/252]	Time  0.671 ( 0.669)	Data  0.006 ( 0.025)	Loss 2.8829e-01 (1.9966e-01)
Epoch: [24][170/252]	Time  0.676 ( 0.669)	Data  0.006 ( 0.025)	Loss 2.7163e-01 (1.9945e-01)
Epoch: [24][180/252]	Time  0.677 ( 0.670)	Data  0.006 ( 0.025)	Loss 2.2403e-01 (1.9963e-01)
Epoch: [24][190/252]	Time  0.674 ( 0.670)	Data  0.005 ( 0.025)	Loss 1.2744e-01 (1.9900e-01)
Epoch: [24][200/252]	Time  0.675 ( 0.670)	Data  0.006 ( 0.025)	Loss 8.9265e-02 (1.9851e-01)
Epoch: [24][210/252]	Time  0.673 ( 0.670)	Data  0.005 ( 0.024)	Loss 1.0020e-01 (1.9996e-01)
Epoch: [24][220/252]	Time  0.672 ( 0.670)	Data  0.005 ( 0.024)	Loss 1.1582e-01 (1.9949e-01)
Epoch: [24][230/252]	Time  0.674 ( 0.670)	Data  0.006 ( 0.024)	Loss 2.0065e-01 (1.9990e-01)
Epoch: [24][240/252]	Time  0.673 ( 0.670)	Data  0.006 ( 0.024)	Loss 2.2653e-01 (2.0065e-01)
Epoch: [24][250/252]	Time  0.672 ( 0.670)	Data  0.006 ( 0.024)	Loss 1.5945e-01 (2.0065e-01)
Test: [10/50]	Time  0.257 ( 0.252)	Loss 3.12e-01 (9.00e-01)
Test: [20/50]	Time  0.228 ( 0.240)	Loss 1.76e-01 (6.02e-01)
Test: [30/50]	Time  0.229 ( 0.235)	Loss 2.40e+00 (6.28e-01)
Test: [40/50]	Time  0.232 ( 0.234)	Loss 4.06e-01 (8.00e-01)
Test: [50/50]	Time  0.174 ( 0.232)	Loss 3.86e-01 (8.63e-01)
Averege over whole validation set:
IOU-car: 0.605, Precision-car: 0.619, Recall-car: 0.963
IOU-ped: 0.0183, Precision-ped: 0.0231, Recall-ped: 0.0804
IOU-cyc: 0.115, Precision-cyc: 0.341, Recall-cyc: 0.148
Epoch: [25][ 10/252]	Time  0.671 ( 0.667)	Data  0.004 ( 0.091)	Loss 2.1160e-01 (2.0985e-01)
Epoch: [25][ 20/252]	Time  0.674 ( 0.670)	Data  0.004 ( 0.057)	Loss 8.2728e-02 (2.1609e-01)
Epoch: [25][ 30/252]	Time  0.677 ( 0.671)	Data  0.006 ( 0.045)	Loss 2.1813e-01 (2.2168e-01)
Epoch: [25][ 40/252]	Time  0.675 ( 0.672)	Data  0.006 ( 0.039)	Loss 1.9536e-01 (2.1353e-01)
Epoch: [25][ 50/252]	Time  0.675 ( 0.672)	Data  0.006 ( 0.036)	Loss 2.7915e-01 (2.1412e-01)
Epoch: [25][ 60/252]	Time  0.677 ( 0.673)	Data  0.005 ( 0.033)	Loss 5.0510e-01 (2.1848e-01)
Epoch: [25][ 70/252]	Time  0.672 ( 0.673)	Data  0.005 ( 0.032)	Loss 1.0579e-01 (2.1395e-01)
Epoch: [25][ 80/252]	Time  0.674 ( 0.672)	Data  0.005 ( 0.031)	Loss 9.8480e-02 (2.1248e-01)
Epoch: [25][ 90/252]	Time  0.671 ( 0.672)	Data  0.005 ( 0.030)	Loss 3.1566e-01 (2.1389e-01)
Epoch: [25][100/252]	Time  0.672 ( 0.672)	Data  0.005 ( 0.029)	Loss 9.3415e-02 (2.1263e-01)
Epoch: [25][110/252]	Time  0.673 ( 0.672)	Data  0.005 ( 0.028)	Loss 2.1845e-01 (2.1119e-01)
Epoch: [25][120/252]	Time  0.674 ( 0.672)	Data  0.006 ( 0.028)	Loss 1.7038e-01 (2.0828e-01)
Epoch: [25][130/252]	Time  0.671 ( 0.672)	Data  0.005 ( 0.027)	Loss 2.0785e-01 (2.1044e-01)
Epoch: [25][140/252]	Time  0.670 ( 0.672)	Data  0.006 ( 0.027)	Loss 2.1678e-01 (2.0754e-01)
Epoch: [25][150/252]	Time  0.671 ( 0.672)	Data  0.006 ( 0.027)	Loss 1.8423e-01 (2.0623e-01)
Epoch: [25][160/252]	Time  0.670 ( 0.672)	Data  0.005 ( 0.026)	Loss 1.8508e-01 (2.0536e-01)
Epoch: [25][170/252]	Time  0.671 ( 0.672)	Data  0.006 ( 0.026)	Loss 1.5158e-01 (2.0301e-01)
Epoch: [25][180/252]	Time  0.673 ( 0.672)	Data  0.006 ( 0.026)	Loss 1.8675e-01 (2.0400e-01)
Epoch: [25][190/252]	Time  0.671 ( 0.672)	Data  0.006 ( 0.026)	Loss 1.4795e-01 (2.0202e-01)
Epoch: [25][200/252]	Time  0.676 ( 0.672)	Data  0.005 ( 0.026)	Loss 2.6965e-01 (2.0138e-01)
Epoch: [25][210/252]	Time  0.671 ( 0.672)	Data  0.006 ( 0.025)	Loss 1.5735e-01 (2.0025e-01)
Epoch: [25][220/252]	Time  0.674 ( 0.671)	Data  0.006 ( 0.025)	Loss 2.6918e-01 (1.9995e-01)
Epoch: [25][230/252]	Time  0.674 ( 0.671)	Data  0.006 ( 0.025)	Loss 2.7434e-01 (2.0089e-01)
Epoch: [25][240/252]	Time  0.671 ( 0.672)	Data  0.006 ( 0.025)	Loss 1.8468e-01 (2.0167e-01)
Epoch: [25][250/252]	Time  0.671 ( 0.671)	Data  0.005 ( 0.025)	Loss 2.8907e-01 (2.0175e-01)
Test: [10/50]	Time  0.225 ( 0.235)	Loss 3.13e-01 (9.13e-01)
Test: [20/50]	Time  0.228 ( 0.232)	Loss 1.77e-01 (6.09e-01)
Test: [30/50]	Time  0.227 ( 0.230)	Loss 2.40e+00 (6.32e-01)
Test: [40/50]	Time  0.231 ( 0.230)	Loss 4.07e-01 (8.07e-01)
Test: [50/50]	Time  0.175 ( 0.229)	Loss 3.85e-01 (8.65e-01)
Averege over whole validation set:
IOU-car: 0.601, Precision-car: 0.614, Recall-car: 0.965
IOU-ped: 0.0178, Precision-ped: 0.0228, Recall-ped: 0.0763
IOU-cyc: 0.115, Precision-cyc: 0.365, Recall-cyc: 0.144
Epoch: [26][ 10/252]	Time  0.668 ( 0.658)	Data  0.006 ( 0.083)	Loss 1.0628e-01 (1.9855e-01)
Epoch: [26][ 20/252]	Time  0.670 ( 0.665)	Data  0.003 ( 0.052)	Loss 2.3300e-01 (1.8525e-01)
Epoch: [26][ 30/252]	Time  0.668 ( 0.666)	Data  0.005 ( 0.042)	Loss 1.8011e-01 (1.9278e-01)
Epoch: [26][ 40/252]	Time  0.667 ( 0.667)	Data  0.006 ( 0.037)	Loss 3.1675e-01 (2.0650e-01)
Epoch: [26][ 50/252]	Time  0.672 ( 0.668)	Data  0.006 ( 0.034)	Loss 1.3249e-01 (2.1312e-01)
Epoch: [26][ 60/252]	Time  0.672 ( 0.668)	Data  0.006 ( 0.032)	Loss 1.8052e-01 (2.1321e-01)
Epoch: [26][ 70/252]	Time  0.673 ( 0.669)	Data  0.006 ( 0.030)	Loss 2.3564e-01 (2.1100e-01)
Epoch: [26][ 80/252]	Time  0.666 ( 0.669)	Data  0.005 ( 0.029)	Loss 1.4044e-01 (2.0681e-01)
Epoch: [26][ 90/252]	Time  0.672 ( 0.670)	Data  0.006 ( 0.028)	Loss 1.9617e-01 (2.1006e-01)
Epoch: [26][100/252]	Time  0.669 ( 0.670)	Data  0.005 ( 0.028)	Loss 2.8987e-01 (2.0560e-01)
Epoch: [26][110/252]	Time  0.669 ( 0.670)	Data  0.005 ( 0.027)	Loss 2.1969e-01 (2.0455e-01)
Epoch: [26][120/252]	Time  0.668 ( 0.670)	Data  0.006 ( 0.027)	Loss 2.0864e-01 (2.0174e-01)
Epoch: [26][130/252]	Time  0.671 ( 0.670)	Data  0.005 ( 0.026)	Loss 2.0988e-01 (2.0584e-01)
Epoch: [26][140/252]	Time  0.669 ( 0.670)	Data  0.005 ( 0.026)	Loss 1.1621e-01 (2.0808e-01)
Epoch: [26][150/252]	Time  0.671 ( 0.670)	Data  0.005 ( 0.026)	Loss 2.2591e-01 (2.0770e-01)
Epoch: [26][160/252]	Time  0.671 ( 0.671)	Data  0.005 ( 0.025)	Loss 1.2100e-01 (2.0585e-01)
Epoch: [26][170/252]	Time  0.674 ( 0.671)	Data  0.006 ( 0.025)	Loss 1.6032e-01 (2.0729e-01)
Epoch: [26][180/252]	Time  0.674 ( 0.671)	Data  0.006 ( 0.025)	Loss 3.0532e-01 (2.0710e-01)
Epoch: [26][190/252]	Time  0.674 ( 0.671)	Data  0.005 ( 0.025)	Loss 1.6620e-01 (2.0523e-01)
Epoch: [26][200/252]	Time  0.668 ( 0.671)	Data  0.005 ( 0.025)	Loss 2.8876e-01 (2.0433e-01)
Epoch: [26][210/252]	Time  0.671 ( 0.671)	Data  0.005 ( 0.024)	Loss 3.4565e-01 (2.0522e-01)
Epoch: [26][220/252]	Time  0.674 ( 0.671)	Data  0.005 ( 0.024)	Loss 9.5148e-02 (2.0537e-01)
Epoch: [26][230/252]	Time  0.674 ( 0.671)	Data  0.006 ( 0.024)	Loss 1.1534e-01 (2.0269e-01)
Epoch: [26][240/252]	Time  0.675 ( 0.671)	Data  0.006 ( 0.024)	Loss 1.8180e-01 (2.0234e-01)
Epoch: [26][250/252]	Time  0.668 ( 0.671)	Data  0.005 ( 0.024)	Loss 1.6095e-01 (2.0048e-01)
Test: [10/50]	Time  0.230 ( 0.253)	Loss 3.11e-01 (8.99e-01)
Test: [20/50]	Time  0.226 ( 0.240)	Loss 1.74e-01 (6.02e-01)
Test: [30/50]	Time  0.226 ( 0.236)	Loss 2.39e+00 (6.28e-01)
Test: [40/50]	Time  0.230 ( 0.235)	Loss 4.06e-01 (8.01e-01)
Test: [50/50]	Time  0.174 ( 0.232)	Loss 3.85e-01 (8.72e-01)
Averege over whole validation set:
IOU-car: 0.605, Precision-car: 0.62, Recall-car: 0.962
IOU-ped: 0.0184, Precision-ped: 0.0238, Recall-ped: 0.0755
IOU-cyc: 0.106, Precision-cyc: 0.335, Recall-cyc: 0.134
Epoch: [27][ 10/252]	Time  0.675 ( 0.655)	Data  0.005 ( 0.072)	Loss 2.1699e-01 (1.8806e-01)
Epoch: [27][ 20/252]	Time  0.670 ( 0.663)	Data  0.006 ( 0.047)	Loss 2.8385e-01 (1.7685e-01)
Epoch: [27][ 30/252]	Time  0.673 ( 0.666)	Data  0.006 ( 0.039)	Loss 9.9623e-02 (1.7803e-01)
Epoch: [27][ 40/252]	Time  0.672 ( 0.667)	Data  0.005 ( 0.035)	Loss 1.9753e-01 (1.8331e-01)
Epoch: [27][ 50/252]	Time  0.674 ( 0.668)	Data  0.005 ( 0.032)	Loss 1.1829e-01 (1.8318e-01)
Epoch: [27][ 60/252]	Time  0.676 ( 0.669)	Data  0.006 ( 0.030)	Loss 3.9294e-01 (1.8481e-01)
Epoch: [27][ 70/252]	Time  0.670 ( 0.669)	Data  0.006 ( 0.029)	Loss 1.8760e-01 (1.8741e-01)
Epoch: [27][ 80/252]	Time  0.672 ( 0.669)	Data  0.005 ( 0.028)	Loss 2.1318e-01 (1.8888e-01)
Epoch: [27][ 90/252]	Time  0.670 ( 0.669)	Data  0.005 ( 0.028)	Loss 2.6348e-01 (1.9521e-01)
Epoch: [27][100/252]	Time  0.671 ( 0.669)	Data  0.005 ( 0.027)	Loss 1.1945e-01 (1.9447e-01)
Epoch: [27][110/252]	Time  0.670 ( 0.669)	Data  0.006 ( 0.027)	Loss 1.5477e-01 (1.9552e-01)
Epoch: [27][120/252]	Time  0.673 ( 0.670)	Data  0.005 ( 0.026)	Loss 1.9905e-01 (1.9670e-01)
Epoch: [27][130/252]	Time  0.675 ( 0.670)	Data  0.005 ( 0.026)	Loss 1.0406e-01 (1.9879e-01)
Epoch: [27][140/252]	Time  0.673 ( 0.670)	Data  0.006 ( 0.026)	Loss 2.2173e-01 (1.9800e-01)
Epoch: [27][150/252]	Time  0.671 ( 0.670)	Data  0.005 ( 0.026)	Loss 9.6066e-02 (1.9778e-01)
Epoch: [27][160/252]	Time  0.671 ( 0.670)	Data  0.006 ( 0.025)	Loss 1.7712e-01 (1.9738e-01)
Epoch: [27][170/252]	Time  0.670 ( 0.670)	Data  0.009 ( 0.025)	Loss 1.6893e-01 (1.9546e-01)
Epoch: [27][180/252]	Time  0.671 ( 0.670)	Data  0.006 ( 0.025)	Loss 1.6813e-01 (1.9594e-01)
Epoch: [27][190/252]	Time  0.675 ( 0.670)	Data  0.006 ( 0.025)	Loss 1.9343e-01 (1.9759e-01)
Epoch: [27][200/252]	Time  0.674 ( 0.670)	Data  0.005 ( 0.025)	Loss 1.8115e-01 (1.9963e-01)
Epoch: [27][210/252]	Time  0.673 ( 0.670)	Data  0.006 ( 0.025)	Loss 1.2258e-01 (1.9776e-01)
Epoch: [27][220/252]	Time  0.672 ( 0.670)	Data  0.006 ( 0.025)	Loss 2.0180e-01 (1.9964e-01)
Epoch: [27][230/252]	Time  0.674 ( 0.670)	Data  0.005 ( 0.024)	Loss 2.6645e-01 (2.0088e-01)
Epoch: [27][240/252]	Time  0.672 ( 0.670)	Data  0.006 ( 0.024)	Loss 2.1066e-01 (1.9914e-01)
Epoch: [27][250/252]	Time  0.673 ( 0.670)	Data  0.006 ( 0.024)	Loss 3.3372e-01 (1.9944e-01)
Test: [10/50]	Time  0.227 ( 0.256)	Loss 3.10e-01 (8.95e-01)
Test: [20/50]	Time  0.227 ( 0.241)	Loss 1.74e-01 (5.99e-01)
Test: [30/50]	Time  0.226 ( 0.236)	Loss 2.40e+00 (6.26e-01)
Test: [40/50]	Time  0.229 ( 0.234)	Loss 4.06e-01 (8.04e-01)
Test: [50/50]	Time  0.174 ( 0.232)	Loss 3.87e-01 (8.68e-01)
Averege over whole validation set:
IOU-car: 0.609, Precision-car: 0.624, Recall-car: 0.962
IOU-ped: 0.0175, Precision-ped: 0.0228, Recall-ped: 0.0701
IOU-cyc: 0.114, Precision-cyc: 0.362, Recall-cyc: 0.143
Epoch: [28][ 10/252]	Time  0.667 ( 0.654)	Data  0.004 ( 0.084)	Loss 1.6086e-01 (2.1031e-01)
Epoch: [28][ 20/252]	Time  0.670 ( 0.662)	Data  0.005 ( 0.053)	Loss 1.4846e-01 (1.8517e-01)
Epoch: [28][ 30/252]	Time  0.673 ( 0.665)	Data  0.006 ( 0.043)	Loss 1.5339e-01 (1.7352e-01)
Epoch: [28][ 40/252]	Time  0.670 ( 0.667)	Data  0.013 ( 0.038)	Loss 1.4016e-01 (1.7971e-01)
Epoch: [28][ 50/252]	Time  0.669 ( 0.668)	Data  0.006 ( 0.034)	Loss 1.4294e-01 (1.8700e-01)
Epoch: [28][ 60/252]	Time  0.675 ( 0.668)	Data  0.005 ( 0.032)	Loss 2.8009e-01 (1.9582e-01)
Epoch: [28][ 70/252]	Time  0.671 ( 0.669)	Data  0.005 ( 0.031)	Loss 1.5686e-01 (1.9406e-01)
Epoch: [28][ 80/252]	Time  0.668 ( 0.669)	Data  0.006 ( 0.030)	Loss 2.9398e-01 (1.9169e-01)
Epoch: [28][ 90/252]	Time  0.672 ( 0.670)	Data  0.005 ( 0.029)	Loss 2.1809e-01 (1.9500e-01)
Epoch: [28][100/252]	Time  0.673 ( 0.670)	Data  0.006 ( 0.028)	Loss 2.1127e-01 (1.9563e-01)
Epoch: [28][110/252]	Time  0.673 ( 0.670)	Data  0.005 ( 0.027)	Loss 2.2812e-01 (1.9777e-01)
Epoch: [28][120/252]	Time  0.671 ( 0.670)	Data  0.005 ( 0.027)	Loss 1.8471e-01 (2.0006e-01)
Epoch: [28][130/252]	Time  0.673 ( 0.670)	Data  0.006 ( 0.026)	Loss 1.4025e-01 (2.0089e-01)
Epoch: [28][140/252]	Time  0.671 ( 0.670)	Data  0.009 ( 0.026)	Loss 2.8667e-01 (1.9998e-01)
Epoch: [28][150/252]	Time  0.673 ( 0.671)	Data  0.005 ( 0.026)	Loss 2.1494e-01 (2.0119e-01)
Epoch: [28][160/252]	Time  0.667 ( 0.671)	Data  0.006 ( 0.026)	Loss 1.7792e-01 (1.9854e-01)
Epoch: [28][170/252]	Time  0.669 ( 0.671)	Data  0.005 ( 0.025)	Loss 2.2546e-01 (1.9834e-01)
Epoch: [28][180/252]	Time  0.671 ( 0.671)	Data  0.005 ( 0.025)	Loss 1.6680e-01 (1.9738e-01)
Epoch: [28][190/252]	Time  0.667 ( 0.671)	Data  0.006 ( 0.025)	Loss 1.1326e-01 (1.9749e-01)
Epoch: [28][200/252]	Time  0.670 ( 0.671)	Data  0.005 ( 0.025)	Loss 2.8593e-01 (1.9846e-01)
Epoch: [28][210/252]	Time  0.670 ( 0.671)	Data  0.005 ( 0.025)	Loss 1.0090e-01 (1.9968e-01)
Epoch: [28][220/252]	Time  0.671 ( 0.671)	Data  0.005 ( 0.025)	Loss 3.1737e-01 (2.0016e-01)
Epoch: [28][230/252]	Time  0.673 ( 0.671)	Data  0.006 ( 0.024)	Loss 4.0950e-01 (2.0104e-01)
Epoch: [28][240/252]	Time  0.669 ( 0.671)	Data  0.005 ( 0.024)	Loss 1.0717e-01 (2.0004e-01)
Epoch: [28][250/252]	Time  0.676 ( 0.671)	Data  0.005 ( 0.024)	Loss 3.1030e-01 (1.9947e-01)
Test: [10/50]	Time  0.225 ( 0.243)	Loss 3.09e-01 (8.93e-01)
Test: [20/50]	Time  0.221 ( 0.235)	Loss 1.73e-01 (5.98e-01)
Test: [30/50]	Time  0.229 ( 0.232)	Loss 2.40e+00 (6.27e-01)
Test: [40/50]	Time  0.231 ( 0.232)	Loss 4.05e-01 (8.03e-01)
Test: [50/50]	Time  0.175 ( 0.230)	Loss 3.89e-01 (8.58e-01)
Averege over whole validation set:
IOU-car: 0.614, Precision-car: 0.63, Recall-car: 0.96
IOU-ped: 0.0173, Precision-ped: 0.0224, Recall-ped: 0.07
IOU-cyc: 0.13, Precision-cyc: 0.377, Recall-cyc: 0.166
Epoch: [29][ 10/252]	Time  0.672 ( 0.638)	Data  0.005 ( 0.075)	Loss 1.9245e-01 (2.0302e-01)
Epoch: [29][ 20/252]	Time  0.668 ( 0.654)	Data  0.005 ( 0.048)	Loss 1.5760e-01 (1.9926e-01)
Epoch: [29][ 30/252]	Time  0.671 ( 0.660)	Data  0.008 ( 0.040)	Loss 2.0396e-01 (2.0242e-01)
Epoch: [29][ 40/252]	Time  0.670 ( 0.663)	Data  0.005 ( 0.035)	Loss 3.4390e-01 (2.0153e-01)
Epoch: [29][ 50/252]	Time  0.671 ( 0.664)	Data  0.005 ( 0.033)	Loss 1.3173e-01 (2.0368e-01)
Epoch: [29][ 60/252]	Time  0.675 ( 0.665)	Data  0.006 ( 0.031)	Loss 2.5048e-01 (2.0870e-01)
Epoch: [29][ 70/252]	Time  0.671 ( 0.666)	Data  0.005 ( 0.029)	Loss 3.5188e-01 (2.0536e-01)
Epoch: [29][ 80/252]	Time  0.670 ( 0.667)	Data  0.005 ( 0.029)	Loss 2.1104e-01 (2.0172e-01)
Epoch: [29][ 90/252]	Time  0.671 ( 0.668)	Data  0.005 ( 0.028)	Loss 2.1779e-01 (1.9929e-01)
Epoch: [29][100/252]	Time  0.674 ( 0.668)	Data  0.006 ( 0.027)	Loss 2.0472e-01 (1.9764e-01)
Epoch: [29][110/252]	Time  0.674 ( 0.668)	Data  0.005 ( 0.027)	Loss 1.0867e-01 (1.9631e-01)
Epoch: [29][120/252]	Time  0.671 ( 0.669)	Data  0.005 ( 0.026)	Loss 2.2340e-01 (1.9862e-01)
Epoch: [29][130/252]	Time  0.670 ( 0.669)	Data  0.005 ( 0.026)	Loss 2.1446e-01 (1.9646e-01)
Epoch: [29][140/252]	Time  0.675 ( 0.669)	Data  0.006 ( 0.026)	Loss 3.0780e-01 (1.9865e-01)
Epoch: [29][150/252]	Time  0.670 ( 0.669)	Data  0.006 ( 0.025)	Loss 1.2444e-01 (1.9651e-01)
Epoch: [29][160/252]	Time  0.671 ( 0.669)	Data  0.006 ( 0.025)	Loss 1.4968e-01 (1.9805e-01)
Epoch: [29][170/252]	Time  0.671 ( 0.670)	Data  0.006 ( 0.025)	Loss 1.2115e-01 (1.9702e-01)
Epoch: [29][180/252]	Time  0.669 ( 0.670)	Data  0.005 ( 0.025)	Loss 2.0808e-01 (1.9839e-01)
Epoch: [29][190/252]	Time  0.670 ( 0.670)	Data  0.006 ( 0.025)	Loss 2.9502e-01 (1.9879e-01)
Epoch: [29][200/252]	Time  0.669 ( 0.670)	Data  0.006 ( 0.024)	Loss 3.2437e-01 (1.9945e-01)
Epoch: [29][210/252]	Time  0.672 ( 0.670)	Data  0.005 ( 0.024)	Loss 1.8336e-01 (1.9976e-01)
Epoch: [29][220/252]	Time  0.674 ( 0.670)	Data  0.006 ( 0.024)	Loss 2.5667e-01 (2.0038e-01)
Epoch: [29][230/252]	Time  0.673 ( 0.670)	Data  0.006 ( 0.024)	Loss 8.2166e-02 (1.9961e-01)
Epoch: [29][240/252]	Time  0.675 ( 0.670)	Data  0.005 ( 0.024)	Loss 3.8387e-01 (1.9933e-01)
Epoch: [29][250/252]	Time  0.669 ( 0.670)	Data  0.005 ( 0.024)	Loss 1.4543e-01 (1.9883e-01)
Test: [10/50]	Time  0.226 ( 0.248)	Loss 3.09e-01 (8.90e-01)
Test: [20/50]	Time  0.224 ( 0.238)	Loss 1.71e-01 (5.96e-01)
Test: [30/50]	Time  0.227 ( 0.234)	Loss 2.40e+00 (6.26e-01)
Test: [40/50]	Time  0.230 ( 0.233)	Loss 4.05e-01 (8.02e-01)
Test: [50/50]	Time  0.176 ( 0.232)	Loss 3.93e-01 (8.59e-01)
Averege over whole validation set:
IOU-car: 0.612, Precision-car: 0.628, Recall-car: 0.96
IOU-ped: 0.0165, Precision-ped: 0.0213, Recall-ped: 0.0679
IOU-cyc: 0.128, Precision-cyc: 0.368, Recall-cyc: 0.163
Epoch: [30][ 10/252]	Time  0.670 ( 0.680)	Data  0.004 ( 0.082)	Loss 1.7702e-01 (1.9912e-01)
Epoch: [30][ 20/252]	Time  0.674 ( 0.677)	Data  0.004 ( 0.052)	Loss 3.3451e-01 (2.1124e-01)
Epoch: [30][ 30/252]	Time  0.675 ( 0.676)	Data  0.006 ( 0.042)	Loss 1.6395e-01 (2.0372e-01)
Epoch: [30][ 40/252]	Time  0.669 ( 0.675)	Data  0.005 ( 0.037)	Loss 2.0843e-01 (2.0143e-01)
Epoch: [30][ 50/252]	Time  0.669 ( 0.674)	Data  0.007 ( 0.034)	Loss 1.8266e-01 (1.9611e-01)
Epoch: [30][ 60/252]	Time  0.669 ( 0.674)	Data  0.005 ( 0.032)	Loss 1.3179e-01 (1.9103e-01)
Epoch: [30][ 70/252]	Time  0.673 ( 0.673)	Data  0.005 ( 0.030)	Loss 1.1679e-01 (1.9183e-01)
Epoch: [30][ 80/252]	Time  0.676 ( 0.673)	Data  0.006 ( 0.029)	Loss 2.2398e-01 (1.9155e-01)
Epoch: [30][ 90/252]	Time  0.669 ( 0.673)	Data  0.005 ( 0.029)	Loss 1.4476e-01 (1.8749e-01)
Epoch: [30][100/252]	Time  0.670 ( 0.673)	Data  0.006 ( 0.028)	Loss 1.0111e-01 (1.8712e-01)
Epoch: [30][110/252]	Time  0.672 ( 0.673)	Data  0.005 ( 0.027)	Loss 3.1496e-01 (1.8692e-01)
Epoch: [30][120/252]	Time  0.669 ( 0.673)	Data  0.006 ( 0.027)	Loss 2.7399e-01 (1.9286e-01)
Epoch: [30][130/252]	Time  0.668 ( 0.672)	Data  0.005 ( 0.027)	Loss 1.8623e-01 (1.9201e-01)
Epoch: [30][140/252]	Time  0.671 ( 0.672)	Data  0.005 ( 0.026)	Loss 1.6611e-01 (1.9308e-01)
Epoch: [30][150/252]	Time  0.667 ( 0.672)	Data  0.006 ( 0.026)	Loss 1.0883e-01 (1.9303e-01)
Epoch: [30][160/252]	Time  0.673 ( 0.672)	Data  0.006 ( 0.026)	Loss 1.2841e-01 (1.9645e-01)
Epoch: [30][170/252]	Time  0.667 ( 0.672)	Data  0.005 ( 0.025)	Loss 1.7785e-01 (1.9772e-01)
Epoch: [30][180/252]	Time  0.671 ( 0.672)	Data  0.005 ( 0.025)	Loss 2.4851e-01 (1.9942e-01)
Epoch: [30][190/252]	Time  0.671 ( 0.672)	Data  0.005 ( 0.025)	Loss 1.3347e-01 (2.0056e-01)
Epoch: [30][200/252]	Time  0.671 ( 0.672)	Data  0.006 ( 0.025)	Loss 1.5120e-01 (2.0022e-01)
Epoch: [30][210/252]	Time  0.671 ( 0.672)	Data  0.006 ( 0.025)	Loss 1.4566e-01 (2.0095e-01)
Epoch: [30][220/252]	Time  0.675 ( 0.672)	Data  0.005 ( 0.025)	Loss 1.2234e-01 (1.9996e-01)
Epoch: [30][230/252]	Time  0.671 ( 0.672)	Data  0.006 ( 0.025)	Loss 1.3110e-01 (1.9971e-01)
Epoch: [30][240/252]	Time  0.670 ( 0.672)	Data  0.006 ( 0.024)	Loss 9.3142e-02 (1.9990e-01)
Epoch: [30][250/252]	Time  0.673 ( 0.672)	Data  0.006 ( 0.024)	Loss 2.1653e-01 (1.9947e-01)
Test: [10/50]	Time  0.224 ( 0.287)	Loss 3.10e-01 (8.99e-01)
Test: [20/50]	Time  0.225 ( 0.256)	Loss 1.74e-01 (6.02e-01)
Test: [30/50]	Time  0.232 ( 0.246)	Loss 2.40e+00 (6.29e-01)
Test: [40/50]	Time  0.231 ( 0.242)	Loss 4.06e-01 (8.06e-01)
Test: [50/50]	Time  0.174 ( 0.239)	Loss 3.85e-01 (8.76e-01)
Averege over whole validation set:
IOU-car: 0.611, Precision-car: 0.627, Recall-car: 0.961
IOU-ped: 0.0176, Precision-ped: 0.0232, Recall-ped: 0.0687
IOU-cyc: 0.109, Precision-cyc: 0.351, Recall-cyc: 0.137
